#1 [internal] load build definition from Dockerfile
#1 sha256:eae7f6b4a65e2c38c881d462ec72974574611e6eabdf16f3f64a042f82472f8c
#1 transferring dockerfile: 372B done
#1 DONE 0.0s

#2 [internal] load .dockerignore
#2 sha256:87a631302578649cd95380078b328eeb5e7200e13dcbf1328e51205aae2c2b15
#2 transferring context: 2B done
#2 DONE 0.0s

#3 [internal] load metadata for docker.io/bioinformaticsmusc/biocm-python:1.0.0
#3 sha256:5b18be50677a3ae2862c5f0741d2abae92776392206ed13d6706426ebfcab166
#3 ...

#4 [auth] bioinformaticsmusc/biocm-python:pull token for registry-1.docker.io
#4 sha256:8cdd0114f3e131832deb85669e2df7317135d13d942320e04b54dbe8ed286c64
#4 DONE 0.0s

#3 [internal] load metadata for docker.io/bioinformaticsmusc/biocm-python:1.0.0
#3 sha256:5b18be50677a3ae2862c5f0741d2abae92776392206ed13d6706426ebfcab166
#3 DONE 1.1s

#5 [1/2] FROM docker.io/bioinformaticsmusc/biocm-python:1.0.0@sha256:a3428ce5920b54919b40fdd56bb7f912e7e36df0baf17a04a9c86a482c13c8b7
#5 sha256:3c6bdcb66a9d6303af580ffb887665ae4593426fc3425833757e7dd8275be419
#5 DONE 0.0s

#5 [1/2] FROM docker.io/bioinformaticsmusc/biocm-python:1.0.0@sha256:a3428ce5920b54919b40fdd56bb7f912e7e36df0baf17a04a9c86a482c13c8b7
#5 sha256:3c6bdcb66a9d6303af580ffb887665ae4593426fc3425833757e7dd8275be419
#5 resolve docker.io/bioinformaticsmusc/biocm-python:1.0.0@sha256:a3428ce5920b54919b40fdd56bb7f912e7e36df0baf17a04a9c86a482c13c8b7 done
#5 sha256:a2abf6c4d29d43a4bf9fbb769f524d0fb36a2edab49819c1bf3e76f409f953ea 0B / 31.36MB 0.1s
#5 sha256:76bc0236bbf854831f1a401316d971973cffebea46cf8d7e475945058e841628 8.87kB / 8.87kB done
#5 sha256:96470ebef4adc6521c81f93d2437e182de590faa6efdcc38a83484b502f46d6c 0B / 58.19MB 0.2s
#5 sha256:a3428ce5920b54919b40fdd56bb7f912e7e36df0baf17a04a9c86a482c13c8b7 3.71kB / 3.71kB done
#5 sha256:c256cb8a03f53bc258cce8c545ce0d4fd1f17cf695dfd11aa550f602a020e181 0B / 50.06MB 0.2s
#5 sha256:a2abf6c4d29d43a4bf9fbb769f524d0fb36a2edab49819c1bf3e76f409f953ea 4.19MB / 31.36MB 0.4s
#5 sha256:a2abf6c4d29d43a4bf9fbb769f524d0fb36a2edab49819c1bf3e76f409f953ea 6.29MB / 31.36MB 0.6s
#5 sha256:a2abf6c4d29d43a4bf9fbb769f524d0fb36a2edab49819c1bf3e76f409f953ea 8.39MB / 31.36MB 0.8s
#5 sha256:a2abf6c4d29d43a4bf9fbb769f524d0fb36a2edab49819c1bf3e76f409f953ea 10.49MB / 31.36MB 1.0s
#5 sha256:a2abf6c4d29d43a4bf9fbb769f524d0fb36a2edab49819c1bf3e76f409f953ea 12.58MB / 31.36MB 1.2s
#5 sha256:96470ebef4adc6521c81f93d2437e182de590faa6efdcc38a83484b502f46d6c 3.15MB / 58.19MB 1.3s
#5 sha256:a2abf6c4d29d43a4bf9fbb769f524d0fb36a2edab49819c1bf3e76f409f953ea 14.68MB / 31.36MB 1.5s
#5 sha256:c256cb8a03f53bc258cce8c545ce0d4fd1f17cf695dfd11aa550f602a020e181 3.15MB / 50.06MB 1.6s
#5 sha256:a2abf6c4d29d43a4bf9fbb769f524d0fb36a2edab49819c1bf3e76f409f953ea 16.78MB / 31.36MB 1.8s
#5 sha256:96470ebef4adc6521c81f93d2437e182de590faa6efdcc38a83484b502f46d6c 7.34MB / 58.19MB 1.8s
#5 sha256:a2abf6c4d29d43a4bf9fbb769f524d0fb36a2edab49819c1bf3e76f409f953ea 18.87MB / 31.36MB 2.2s
#5 sha256:96470ebef4adc6521c81f93d2437e182de590faa6efdcc38a83484b502f46d6c 10.49MB / 58.19MB 2.2s
#5 sha256:a2abf6c4d29d43a4bf9fbb769f524d0fb36a2edab49819c1bf3e76f409f953ea 20.97MB / 31.36MB 2.5s
#5 sha256:96470ebef4adc6521c81f93d2437e182de590faa6efdcc38a83484b502f46d6c 13.63MB / 58.19MB 2.5s
#5 sha256:96470ebef4adc6521c81f93d2437e182de590faa6efdcc38a83484b502f46d6c 16.78MB / 58.19MB 2.9s
#5 sha256:c256cb8a03f53bc258cce8c545ce0d4fd1f17cf695dfd11aa550f602a020e181 6.29MB / 50.06MB 2.9s
#5 sha256:a2abf6c4d29d43a4bf9fbb769f524d0fb36a2edab49819c1bf3e76f409f953ea 23.07MB / 31.36MB 3.1s
#5 sha256:96470ebef4adc6521c81f93d2437e182de590faa6efdcc38a83484b502f46d6c 20.97MB / 58.19MB 3.3s
#5 sha256:96470ebef4adc6521c81f93d2437e182de590faa6efdcc38a83484b502f46d6c 24.12MB / 58.19MB 3.5s
#5 sha256:a2abf6c4d29d43a4bf9fbb769f524d0fb36a2edab49819c1bf3e76f409f953ea 25.17MB / 31.36MB 3.7s
#5 sha256:96470ebef4adc6521c81f93d2437e182de590faa6efdcc38a83484b502f46d6c 27.26MB / 58.19MB 3.8s
#5 sha256:96470ebef4adc6521c81f93d2437e182de590faa6efdcc38a83484b502f46d6c 30.41MB / 58.19MB 4.1s
#5 sha256:a2abf6c4d29d43a4bf9fbb769f524d0fb36a2edab49819c1bf3e76f409f953ea 27.26MB / 31.36MB 4.3s
#5 sha256:96470ebef4adc6521c81f93d2437e182de590faa6efdcc38a83484b502f46d6c 33.55MB / 58.19MB 4.3s
#5 sha256:c256cb8a03f53bc258cce8c545ce0d4fd1f17cf695dfd11aa550f602a020e181 9.44MB / 50.06MB 4.3s
#5 sha256:96470ebef4adc6521c81f93d2437e182de590faa6efdcc38a83484b502f46d6c 36.70MB / 58.19MB 4.6s
#5 sha256:96470ebef4adc6521c81f93d2437e182de590faa6efdcc38a83484b502f46d6c 39.85MB / 58.19MB 4.8s
#5 sha256:96470ebef4adc6521c81f93d2437e182de590faa6efdcc38a83484b502f46d6c 43.75MB / 58.19MB 5.1s
#5 sha256:a2abf6c4d29d43a4bf9fbb769f524d0fb36a2edab49819c1bf3e76f409f953ea 29.36MB / 31.36MB 5.4s
#5 sha256:96470ebef4adc6521c81f93d2437e182de590faa6efdcc38a83484b502f46d6c 47.19MB / 58.19MB 5.7s
#5 sha256:96470ebef4adc6521c81f93d2437e182de590faa6efdcc38a83484b502f46d6c 50.33MB / 58.19MB 6.0s
#5 sha256:96470ebef4adc6521c81f93d2437e182de590faa6efdcc38a83484b502f46d6c 53.48MB / 58.19MB 6.3s
#5 sha256:96470ebef4adc6521c81f93d2437e182de590faa6efdcc38a83484b502f46d6c 56.62MB / 58.19MB 6.5s
#5 sha256:c256cb8a03f53bc258cce8c545ce0d4fd1f17cf695dfd11aa550f602a020e181 12.58MB / 50.06MB 6.5s
#5 sha256:96470ebef4adc6521c81f93d2437e182de590faa6efdcc38a83484b502f46d6c 58.19MB / 58.19MB 6.6s done
#5 sha256:7a1dd9949f04a77479505daa2437a0948f4c30b5c40d334b45efb9a538ec7b70 0B / 90.06MB 6.7s
#5 sha256:a2abf6c4d29d43a4bf9fbb769f524d0fb36a2edab49819c1bf3e76f409f953ea 31.36MB / 31.36MB 6.9s
#5 sha256:a2abf6c4d29d43a4bf9fbb769f524d0fb36a2edab49819c1bf3e76f409f953ea 31.36MB / 31.36MB 6.9s done
#5 extracting sha256:a2abf6c4d29d43a4bf9fbb769f524d0fb36a2edab49819c1bf3e76f409f953ea
#5 sha256:03cf80ae01416a249b26a38ff2496537105fdaa17855eb66f81aac50cc7d41ab 0B / 74.41MB 7.0s
#5 sha256:7a1dd9949f04a77479505daa2437a0948f4c30b5c40d334b45efb9a538ec7b70 5.24MB / 90.06MB 7.2s
#5 sha256:7a1dd9949f04a77479505daa2437a0948f4c30b5c40d334b45efb9a538ec7b70 10.49MB / 90.06MB 7.6s
#5 sha256:c256cb8a03f53bc258cce8c545ce0d4fd1f17cf695dfd11aa550f602a020e181 15.73MB / 50.06MB 7.7s
#5 sha256:7a1dd9949f04a77479505daa2437a0948f4c30b5c40d334b45efb9a538ec7b70 16.78MB / 90.06MB 8.1s
#5 sha256:7a1dd9949f04a77479505daa2437a0948f4c30b5c40d334b45efb9a538ec7b70 22.02MB / 90.06MB 8.6s
#5 extracting sha256:a2abf6c4d29d43a4bf9fbb769f524d0fb36a2edab49819c1bf3e76f409f953ea 1.7s done
#5 sha256:03cf80ae01416a249b26a38ff2496537105fdaa17855eb66f81aac50cc7d41ab 4.19MB / 74.41MB 8.8s
#5 sha256:c256cb8a03f53bc258cce8c545ce0d4fd1f17cf695dfd11aa550f602a020e181 18.87MB / 50.06MB 9.0s
#5 sha256:7a1dd9949f04a77479505daa2437a0948f4c30b5c40d334b45efb9a538ec7b70 27.26MB / 90.06MB 9.0s
#5 sha256:7a1dd9949f04a77479505daa2437a0948f4c30b5c40d334b45efb9a538ec7b70 32.51MB / 90.06MB 9.5s
#5 sha256:7a1dd9949f04a77479505daa2437a0948f4c30b5c40d334b45efb9a538ec7b70 37.75MB / 90.06MB 9.9s
#5 sha256:7a1dd9949f04a77479505daa2437a0948f4c30b5c40d334b45efb9a538ec7b70 42.99MB / 90.06MB 10.3s
#5 sha256:c256cb8a03f53bc258cce8c545ce0d4fd1f17cf695dfd11aa550f602a020e181 22.02MB / 50.06MB 10.4s
#5 sha256:03cf80ae01416a249b26a38ff2496537105fdaa17855eb66f81aac50cc7d41ab 8.39MB / 74.41MB 10.6s
#5 sha256:7a1dd9949f04a77479505daa2437a0948f4c30b5c40d334b45efb9a538ec7b70 50.33MB / 90.06MB 10.9s
#5 sha256:7a1dd9949f04a77479505daa2437a0948f4c30b5c40d334b45efb9a538ec7b70 55.57MB / 90.06MB 11.4s
#5 sha256:c256cb8a03f53bc258cce8c545ce0d4fd1f17cf695dfd11aa550f602a020e181 25.17MB / 50.06MB 11.7s
#5 sha256:7a1dd9949f04a77479505daa2437a0948f4c30b5c40d334b45efb9a538ec7b70 61.87MB / 90.06MB 11.9s
#5 sha256:7a1dd9949f04a77479505daa2437a0948f4c30b5c40d334b45efb9a538ec7b70 67.11MB / 90.06MB 12.3s
#5 sha256:03cf80ae01416a249b26a38ff2496537105fdaa17855eb66f81aac50cc7d41ab 12.58MB / 74.41MB 12.5s
#5 sha256:7a1dd9949f04a77479505daa2437a0948f4c30b5c40d334b45efb9a538ec7b70 73.40MB / 90.06MB 12.8s
#5 sha256:c256cb8a03f53bc258cce8c545ce0d4fd1f17cf695dfd11aa550f602a020e181 28.31MB / 50.06MB 12.9s
#5 sha256:7a1dd9949f04a77479505daa2437a0948f4c30b5c40d334b45efb9a538ec7b70 78.64MB / 90.06MB 13.3s
#5 sha256:7a1dd9949f04a77479505daa2437a0948f4c30b5c40d334b45efb9a538ec7b70 83.99MB / 90.06MB 13.8s
#5 sha256:c256cb8a03f53bc258cce8c545ce0d4fd1f17cf695dfd11aa550f602a020e181 31.46MB / 50.06MB 14.1s
#5 sha256:03cf80ae01416a249b26a38ff2496537105fdaa17855eb66f81aac50cc7d41ab 16.78MB / 74.41MB 14.1s
#5 sha256:7a1dd9949f04a77479505daa2437a0948f4c30b5c40d334b45efb9a538ec7b70 89.13MB / 90.06MB 14.2s
#5 sha256:7a1dd9949f04a77479505daa2437a0948f4c30b5c40d334b45efb9a538ec7b70 90.06MB / 90.06MB 14.3s done
#5 sha256:492764eabb2e58d13d79a44fdedd46b208e8be551d692a3f2ccfec097af1d52c 0B / 145.76MB 14.5s
#5 sha256:c256cb8a03f53bc258cce8c545ce0d4fd1f17cf695dfd11aa550f602a020e181 34.60MB / 50.06MB 15.0s
#5 sha256:03cf80ae01416a249b26a38ff2496537105fdaa17855eb66f81aac50cc7d41ab 20.97MB / 74.41MB 15.2s
#5 sha256:492764eabb2e58d13d79a44fdedd46b208e8be551d692a3f2ccfec097af1d52c 7.34MB / 145.76MB 15.6s
#5 sha256:c256cb8a03f53bc258cce8c545ce0d4fd1f17cf695dfd11aa550f602a020e181 37.75MB / 50.06MB 15.9s
#5 sha256:492764eabb2e58d13d79a44fdedd46b208e8be551d692a3f2ccfec097af1d52c 15.73MB / 145.76MB 16.4s
#5 sha256:03cf80ae01416a249b26a38ff2496537105fdaa17855eb66f81aac50cc7d41ab 25.17MB / 74.41MB 16.5s
#5 sha256:c256cb8a03f53bc258cce8c545ce0d4fd1f17cf695dfd11aa550f602a020e181 40.89MB / 50.06MB 16.8s
#5 sha256:492764eabb2e58d13d79a44fdedd46b208e8be551d692a3f2ccfec097af1d52c 23.07MB / 145.76MB 17.4s
#5 sha256:03cf80ae01416a249b26a38ff2496537105fdaa17855eb66f81aac50cc7d41ab 29.36MB / 74.41MB 17.7s
#5 sha256:c256cb8a03f53bc258cce8c545ce0d4fd1f17cf695dfd11aa550f602a020e181 44.04MB / 50.06MB 17.8s
#5 sha256:492764eabb2e58d13d79a44fdedd46b208e8be551d692a3f2ccfec097af1d52c 30.41MB / 145.76MB 18.2s
#5 sha256:c256cb8a03f53bc258cce8c545ce0d4fd1f17cf695dfd11aa550f602a020e181 47.19MB / 50.06MB 18.6s
#5 sha256:03cf80ae01416a249b26a38ff2496537105fdaa17855eb66f81aac50cc7d41ab 33.55MB / 74.41MB 18.8s
#5 sha256:492764eabb2e58d13d79a44fdedd46b208e8be551d692a3f2ccfec097af1d52c 38.80MB / 145.76MB 19.1s
#5 sha256:c256cb8a03f53bc258cce8c545ce0d4fd1f17cf695dfd11aa550f602a020e181 50.06MB / 50.06MB 19.4s done
#5 sha256:2c5b22d1be2c31dfa6aae7ce248a612b4be495541384da6c27a793e86a9386d7 0B / 46.99MB 19.4s
#5 extracting sha256:c256cb8a03f53bc258cce8c545ce0d4fd1f17cf695dfd11aa550f602a020e181
#5 sha256:03cf80ae01416a249b26a38ff2496537105fdaa17855eb66f81aac50cc7d41ab 37.75MB / 74.41MB 19.9s
#5 sha256:492764eabb2e58d13d79a44fdedd46b208e8be551d692a3f2ccfec097af1d52c 46.14MB / 145.76MB 19.9s
#5 sha256:492764eabb2e58d13d79a44fdedd46b208e8be551d692a3f2ccfec097af1d52c 53.48MB / 145.76MB 20.6s
#5 sha256:2c5b22d1be2c31dfa6aae7ce248a612b4be495541384da6c27a793e86a9386d7 3.15MB / 46.99MB 20.6s
#5 sha256:03cf80ae01416a249b26a38ff2496537105fdaa17855eb66f81aac50cc7d41ab 41.94MB / 74.41MB 21.0s
#5 sha256:2c5b22d1be2c31dfa6aae7ce248a612b4be495541384da6c27a793e86a9386d7 6.29MB / 46.99MB 21.4s
#5 sha256:492764eabb2e58d13d79a44fdedd46b208e8be551d692a3f2ccfec097af1d52c 60.82MB / 145.76MB 21.5s
#5 sha256:03cf80ae01416a249b26a38ff2496537105fdaa17855eb66f81aac50cc7d41ab 46.14MB / 74.41MB 22.0s
#5 sha256:2c5b22d1be2c31dfa6aae7ce248a612b4be495541384da6c27a793e86a9386d7 9.44MB / 46.99MB 22.0s
#5 sha256:492764eabb2e58d13d79a44fdedd46b208e8be551d692a3f2ccfec097af1d52c 68.16MB / 145.76MB 22.6s
#5 sha256:2c5b22d1be2c31dfa6aae7ce248a612b4be495541384da6c27a793e86a9386d7 12.58MB / 46.99MB 22.6s
#5 extracting sha256:c256cb8a03f53bc258cce8c545ce0d4fd1f17cf695dfd11aa550f602a020e181 3.1s done
#5 sha256:03cf80ae01416a249b26a38ff2496537105fdaa17855eb66f81aac50cc7d41ab 50.33MB / 74.41MB 22.7s
#5 extracting sha256:96470ebef4adc6521c81f93d2437e182de590faa6efdcc38a83484b502f46d6c 0.1s
#5 sha256:2c5b22d1be2c31dfa6aae7ce248a612b4be495541384da6c27a793e86a9386d7 15.73MB / 46.99MB 23.2s
#5 sha256:03cf80ae01416a249b26a38ff2496537105fdaa17855eb66f81aac50cc7d41ab 54.53MB / 74.41MB 23.5s
#5 sha256:2c5b22d1be2c31dfa6aae7ce248a612b4be495541384da6c27a793e86a9386d7 18.87MB / 46.99MB 23.8s
#5 sha256:492764eabb2e58d13d79a44fdedd46b208e8be551d692a3f2ccfec097af1d52c 75.50MB / 145.76MB 23.9s
#5 sha256:03cf80ae01416a249b26a38ff2496537105fdaa17855eb66f81aac50cc7d41ab 58.72MB / 74.41MB 24.3s
#5 sha256:2c5b22d1be2c31dfa6aae7ce248a612b4be495541384da6c27a793e86a9386d7 22.02MB / 46.99MB 24.4s
#5 sha256:2c5b22d1be2c31dfa6aae7ce248a612b4be495541384da6c27a793e86a9386d7 25.17MB / 46.99MB 24.9s
#5 sha256:03cf80ae01416a249b26a38ff2496537105fdaa17855eb66f81aac50cc7d41ab 62.91MB / 74.41MB 25.2s
#5 sha256:492764eabb2e58d13d79a44fdedd46b208e8be551d692a3f2ccfec097af1d52c 82.84MB / 145.76MB 25.2s
#5 sha256:2c5b22d1be2c31dfa6aae7ce248a612b4be495541384da6c27a793e86a9386d7 28.31MB / 46.99MB 25.5s
#5 sha256:2c5b22d1be2c31dfa6aae7ce248a612b4be495541384da6c27a793e86a9386d7 31.46MB / 46.99MB 26.0s
#5 sha256:03cf80ae01416a249b26a38ff2496537105fdaa17855eb66f81aac50cc7d41ab 67.11MB / 74.41MB 26.1s
#5 sha256:492764eabb2e58d13d79a44fdedd46b208e8be551d692a3f2ccfec097af1d52c 90.18MB / 145.76MB 26.4s
#5 sha256:2c5b22d1be2c31dfa6aae7ce248a612b4be495541384da6c27a793e86a9386d7 34.60MB / 46.99MB 26.5s
#5 extracting sha256:96470ebef4adc6521c81f93d2437e182de590faa6efdcc38a83484b502f46d6c 3.7s done
#5 extracting sha256:7a1dd9949f04a77479505daa2437a0948f4c30b5c40d334b45efb9a538ec7b70
#5 sha256:03cf80ae01416a249b26a38ff2496537105fdaa17855eb66f81aac50cc7d41ab 71.30MB / 74.41MB 26.9s
#5 sha256:2c5b22d1be2c31dfa6aae7ce248a612b4be495541384da6c27a793e86a9386d7 38.49MB / 46.99MB 27.4s
#5 sha256:03cf80ae01416a249b26a38ff2496537105fdaa17855eb66f81aac50cc7d41ab 74.41MB / 74.41MB 27.8s done
#5 sha256:2c5b22d1be2c31dfa6aae7ce248a612b4be495541384da6c27a793e86a9386d7 40.89MB / 46.99MB 27.8s
#5 sha256:12dad4415c9e9a4ec37e4e561d0edcbef636ca224a584b74b04aea0a7efc27be 0B / 1.31GB 27.8s
#5 sha256:492764eabb2e58d13d79a44fdedd46b208e8be551d692a3f2ccfec097af1d52c 97.52MB / 145.76MB 28.0s
#5 sha256:2c5b22d1be2c31dfa6aae7ce248a612b4be495541384da6c27a793e86a9386d7 44.04MB / 46.99MB 28.2s
#5 sha256:2c5b22d1be2c31dfa6aae7ce248a612b4be495541384da6c27a793e86a9386d7 46.99MB / 46.99MB 28.6s done
#5 sha256:2c63db0a8520811d41d1cd1c0f0c25dc80013492b8ef7bd689e88f89eabf1743 0B / 3.21GB 28.6s
#5 sha256:492764eabb2e58d13d79a44fdedd46b208e8be551d692a3f2ccfec097af1d52c 104.86MB / 145.76MB 29.6s
#5 extracting sha256:7a1dd9949f04a77479505daa2437a0948f4c30b5c40d334b45efb9a538ec7b70 3.9s done
#5 extracting sha256:03cf80ae01416a249b26a38ff2496537105fdaa17855eb66f81aac50cc7d41ab
#5 sha256:492764eabb2e58d13d79a44fdedd46b208e8be551d692a3f2ccfec097af1d52c 112.20MB / 145.76MB 32.4s
#5 sha256:12dad4415c9e9a4ec37e4e561d0edcbef636ca224a584b74b04aea0a7efc27be 26.21MB / 1.31GB 32.9s
#5 sha256:2c63db0a8520811d41d1cd1c0f0c25dc80013492b8ef7bd689e88f89eabf1743 41.94MB / 3.21GB 33.6s
#5 extracting sha256:03cf80ae01416a249b26a38ff2496537105fdaa17855eb66f81aac50cc7d41ab 3.8s done
#5 sha256:492764eabb2e58d13d79a44fdedd46b208e8be551d692a3f2ccfec097af1d52c 119.54MB / 145.76MB 36.9s
#5 sha256:12dad4415c9e9a4ec37e4e561d0edcbef636ca224a584b74b04aea0a7efc27be 47.19MB / 1.31GB 37.9s
#5 sha256:2c63db0a8520811d41d1cd1c0f0c25dc80013492b8ef7bd689e88f89eabf1743 92.27MB / 3.21GB 38.6s
#5 sha256:492764eabb2e58d13d79a44fdedd46b208e8be551d692a3f2ccfec097af1d52c 126.88MB / 145.76MB 40.8s
#5 sha256:12dad4415c9e9a4ec37e4e561d0edcbef636ca224a584b74b04aea0a7efc27be 74.45MB / 1.31GB 43.0s
#5 sha256:2c63db0a8520811d41d1cd1c0f0c25dc80013492b8ef7bd689e88f89eabf1743 141.56MB / 3.21GB 43.6s
#5 sha256:492764eabb2e58d13d79a44fdedd46b208e8be551d692a3f2ccfec097af1d52c 133.17MB / 145.76MB 45.8s
#5 sha256:12dad4415c9e9a4ec37e4e561d0edcbef636ca224a584b74b04aea0a7efc27be 103.81MB / 1.31GB 48.1s
#5 sha256:2c63db0a8520811d41d1cd1c0f0c25dc80013492b8ef7bd689e88f89eabf1743 190.84MB / 3.21GB 48.7s
#5 sha256:492764eabb2e58d13d79a44fdedd46b208e8be551d692a3f2ccfec097af1d52c 138.41MB / 145.76MB 50.9s
#5 sha256:12dad4415c9e9a4ec37e4e561d0edcbef636ca224a584b74b04aea0a7efc27be 133.17MB / 1.31GB 53.2s
#5 sha256:2c63db0a8520811d41d1cd1c0f0c25dc80013492b8ef7bd689e88f89eabf1743 234.88MB / 3.21GB 53.8s
#5 sha256:492764eabb2e58d13d79a44fdedd46b208e8be551d692a3f2ccfec097af1d52c 145.76MB / 145.76MB 54.1s done
#5 sha256:4b2f7779d48a8d5e68aca6fc4afcbeffabb70d64d651691af0090140fa499451 0B / 496.85kB 54.2s
#5 extracting sha256:492764eabb2e58d13d79a44fdedd46b208e8be551d692a3f2ccfec097af1d52c
#5 sha256:4b2f7779d48a8d5e68aca6fc4afcbeffabb70d64d651691af0090140fa499451 496.85kB / 496.85kB 57.8s done
#5 sha256:0b9b22f1d7e4c0072af6cff5915abdde07606381499ba7f26d691f4fc0ccecfc 0B / 160.20kB 57.9s
#5 sha256:12dad4415c9e9a4ec37e4e561d0edcbef636ca224a584b74b04aea0a7efc27be 167.77MB / 1.31GB 58.2s
#5 sha256:0b9b22f1d7e4c0072af6cff5915abdde07606381499ba7f26d691f4fc0ccecfc 160.20kB / 160.20kB 58.2s done
#5 sha256:6848ba692ede81fe080566696ec46019f5e4cdba459f6aef29aa0ad8b7c908e4 0B / 4.09MB 58.2s
#5 sha256:2c63db0a8520811d41d1cd1c0f0c25dc80013492b8ef7bd689e88f89eabf1743 278.92MB / 3.21GB 58.8s
#5 extracting sha256:492764eabb2e58d13d79a44fdedd46b208e8be551d692a3f2ccfec097af1d52c 5.3s
#5 sha256:6848ba692ede81fe080566696ec46019f5e4cdba459f6aef29aa0ad8b7c908e4 1.05MB / 4.09MB 59.9s
#5 sha256:6848ba692ede81fe080566696ec46019f5e4cdba459f6aef29aa0ad8b7c908e4 2.10MB / 4.09MB 60.3s
#5 sha256:6848ba692ede81fe080566696ec46019f5e4cdba459f6aef29aa0ad8b7c908e4 3.15MB / 4.09MB 60.7s
#5 sha256:6848ba692ede81fe080566696ec46019f5e4cdba459f6aef29aa0ad8b7c908e4 4.09MB / 4.09MB 60.8s done
#5 sha256:485640c797a8965cc997ac99cc0dd5f70d5122e27799f1fae9b87692ecd7e760 0B / 8.60GB 60.8s
#5 extracting sha256:492764eabb2e58d13d79a44fdedd46b208e8be551d692a3f2ccfec097af1d52c 6.7s done
#5 extracting sha256:2c5b22d1be2c31dfa6aae7ce248a612b4be495541384da6c27a793e86a9386d7
#5 sha256:12dad4415c9e9a4ec37e4e561d0edcbef636ca224a584b74b04aea0a7efc27be 196.08MB / 1.31GB 63.2s
#5 extracting sha256:2c5b22d1be2c31dfa6aae7ce248a612b4be495541384da6c27a793e86a9386d7 2.4s done
#5 sha256:2c63db0a8520811d41d1cd1c0f0c25dc80013492b8ef7bd689e88f89eabf1743 315.62MB / 3.21GB 64.0s
#5 sha256:485640c797a8965cc997ac99cc0dd5f70d5122e27799f1fae9b87692ecd7e760 33.55MB / 8.60GB 65.8s
#5 sha256:12dad4415c9e9a4ec37e4e561d0edcbef636ca224a584b74b04aea0a7efc27be 214.96MB / 1.31GB 68.3s
#5 sha256:2c63db0a8520811d41d1cd1c0f0c25dc80013492b8ef7bd689e88f89eabf1743 331.35MB / 3.21GB 69.1s
#5 sha256:485640c797a8965cc997ac99cc0dd5f70d5122e27799f1fae9b87692ecd7e760 84.93MB / 8.60GB 70.9s
#5 sha256:12dad4415c9e9a4ec37e4e561d0edcbef636ca224a584b74b04aea0a7efc27be 229.64MB / 1.31GB 73.4s
#5 sha256:2c63db0a8520811d41d1cd1c0f0c25dc80013492b8ef7bd689e88f89eabf1743 370.15MB / 3.21GB 74.1s
#5 sha256:485640c797a8965cc997ac99cc0dd5f70d5122e27799f1fae9b87692ecd7e760 100.66MB / 8.60GB 76.0s
#5 sha256:12dad4415c9e9a4ec37e4e561d0edcbef636ca224a584b74b04aea0a7efc27be 232.78MB / 1.31GB 78.4s
#5 sha256:2c63db0a8520811d41d1cd1c0f0c25dc80013492b8ef7bd689e88f89eabf1743 442.50MB / 3.21GB 79.1s
#5 sha256:485640c797a8965cc997ac99cc0dd5f70d5122e27799f1fae9b87692ecd7e760 106.95MB / 8.60GB 81.0s
#5 sha256:12dad4415c9e9a4ec37e4e561d0edcbef636ca224a584b74b04aea0a7efc27be 239.08MB / 1.31GB 83.5s
#5 sha256:2c63db0a8520811d41d1cd1c0f0c25dc80013492b8ef7bd689e88f89eabf1743 503.32MB / 3.21GB 84.2s
#5 sha256:485640c797a8965cc997ac99cc0dd5f70d5122e27799f1fae9b87692ecd7e760 123.73MB / 8.60GB 86.1s
#5 sha256:12dad4415c9e9a4ec37e4e561d0edcbef636ca224a584b74b04aea0a7efc27be 253.76MB / 1.31GB 88.6s
#5 sha256:2c63db0a8520811d41d1cd1c0f0c25dc80013492b8ef7bd689e88f89eabf1743 554.70MB / 3.21GB 89.3s
#5 sha256:485640c797a8965cc997ac99cc0dd5f70d5122e27799f1fae9b87692ecd7e760 140.51MB / 8.60GB 91.2s
#5 sha256:12dad4415c9e9a4ec37e4e561d0edcbef636ca224a584b74b04aea0a7efc27be 270.53MB / 1.31GB 93.6s
#5 sha256:2c63db0a8520811d41d1cd1c0f0c25dc80013492b8ef7bd689e88f89eabf1743 601.88MB / 3.21GB 94.3s
#5 sha256:485640c797a8965cc997ac99cc0dd5f70d5122e27799f1fae9b87692ecd7e760 157.29MB / 8.60GB 96.4s
#5 sha256:12dad4415c9e9a4ec37e4e561d0edcbef636ca224a584b74b04aea0a7efc27be 293.60MB / 1.31GB 98.7s
#5 sha256:2c63db0a8520811d41d1cd1c0f0c25dc80013492b8ef7bd689e88f89eabf1743 642.78MB / 3.21GB 99.4s
#5 sha256:485640c797a8965cc997ac99cc0dd5f70d5122e27799f1fae9b87692ecd7e760 175.11MB / 8.60GB 101.5s
#5 sha256:12dad4415c9e9a4ec37e4e561d0edcbef636ca224a584b74b04aea0a7efc27be 321.91MB / 1.31GB 103.8s
#5 sha256:2c63db0a8520811d41d1cd1c0f0c25dc80013492b8ef7bd689e88f89eabf1743 675.28MB / 3.21GB 104.4s
#5 sha256:485640c797a8965cc997ac99cc0dd5f70d5122e27799f1fae9b87692ecd7e760 196.08MB / 8.60GB 106.5s
#5 sha256:12dad4415c9e9a4ec37e4e561d0edcbef636ca224a584b74b04aea0a7efc27be 353.37MB / 1.31GB 108.9s
#5 sha256:2c63db0a8520811d41d1cd1c0f0c25dc80013492b8ef7bd689e88f89eabf1743 704.64MB / 3.21GB 109.4s
#5 sha256:485640c797a8965cc997ac99cc0dd5f70d5122e27799f1fae9b87692ecd7e760 220.20MB / 8.60GB 111.6s
#5 sha256:12dad4415c9e9a4ec37e4e561d0edcbef636ca224a584b74b04aea0a7efc27be 379.58MB / 1.31GB 113.9s
#5 sha256:2c63db0a8520811d41d1cd1c0f0c25dc80013492b8ef7bd689e88f89eabf1743 734.00MB / 3.21GB 114.5s
#5 sha256:485640c797a8965cc997ac99cc0dd5f70d5122e27799f1fae9b87692ecd7e760 245.37MB / 8.60GB 116.7s
#5 sha256:12dad4415c9e9a4ec37e4e561d0edcbef636ca224a584b74b04aea0a7efc27be 407.90MB / 1.31GB 118.9s
#5 sha256:2c63db0a8520811d41d1cd1c0f0c25dc80013492b8ef7bd689e88f89eabf1743 764.41MB / 3.21GB 119.7s
#5 sha256:485640c797a8965cc997ac99cc0dd5f70d5122e27799f1fae9b87692ecd7e760 270.53MB / 8.60GB 121.8s
#5 sha256:12dad4415c9e9a4ec37e4e561d0edcbef636ca224a584b74b04aea0a7efc27be 436.21MB / 1.31GB 124.0s
#5 sha256:2c63db0a8520811d41d1cd1c0f0c25dc80013492b8ef7bd689e88f89eabf1743 793.77MB / 3.21GB 124.9s
#5 sha256:485640c797a8965cc997ac99cc0dd5f70d5122e27799f1fae9b87692ecd7e760 310.38MB / 8.60GB 126.8s
#5 sha256:12dad4415c9e9a4ec37e4e561d0edcbef636ca224a584b74b04aea0a7efc27be 446.69MB / 1.31GB 129.2s
#5 sha256:2c63db0a8520811d41d1cd1c0f0c25dc80013492b8ef7bd689e88f89eabf1743 805.31MB / 3.21GB 130.0s
#5 sha256:485640c797a8965cc997ac99cc0dd5f70d5122e27799f1fae9b87692ecd7e760 382.73MB / 8.60GB 132.0s
#5 sha256:12dad4415c9e9a4ec37e4e561d0edcbef636ca224a584b74b04aea0a7efc27be 450.89MB / 1.31GB 134.2s
#5 sha256:2c63db0a8520811d41d1cd1c0f0c25dc80013492b8ef7bd689e88f89eabf1743 810.55MB / 3.21GB 135.1s
#5 sha256:485640c797a8965cc997ac99cc0dd5f70d5122e27799f1fae9b87692ecd7e760 446.69MB / 8.60GB 137.1s
#5 sha256:12dad4415c9e9a4ec37e4e561d0edcbef636ca224a584b74b04aea0a7efc27be 461.37MB / 1.31GB 139.3s
#5 sha256:2c63db0a8520811d41d1cd1c0f0c25dc80013492b8ef7bd689e88f89eabf1743 823.13MB / 3.21GB 140.3s
#5 sha256:485640c797a8965cc997ac99cc0dd5f70d5122e27799f1fae9b87692ecd7e760 506.46MB / 8.60GB 142.3s
#5 sha256:12dad4415c9e9a4ec37e4e561d0edcbef636ca224a584b74b04aea0a7efc27be 473.96MB / 1.31GB 144.4s
#5 sha256:2c63db0a8520811d41d1cd1c0f0c25dc80013492b8ef7bd689e88f89eabf1743 836.76MB / 3.21GB 145.3s
#5 sha256:485640c797a8965cc997ac99cc0dd5f70d5122e27799f1fae9b87692ecd7e760 554.70MB / 8.60GB 147.4s
#5 sha256:12dad4415c9e9a4ec37e4e561d0edcbef636ca224a584b74b04aea0a7efc27be 494.93MB / 1.31GB 149.5s
#5 sha256:2c63db0a8520811d41d1cd1c0f0c25dc80013492b8ef7bd689e88f89eabf1743 858.78MB / 3.21GB 150.4s
#5 sha256:485640c797a8965cc997ac99cc0dd5f70d5122e27799f1fae9b87692ecd7e760 586.15MB / 8.60GB 152.5s
#5 sha256:12dad4415c9e9a4ec37e4e561d0edcbef636ca224a584b74b04aea0a7efc27be 524.29MB / 1.31GB 154.7s
#5 sha256:2c63db0a8520811d41d1cd1c0f0c25dc80013492b8ef7bd689e88f89eabf1743 882.90MB / 3.21GB 155.5s
#5 sha256:485640c797a8965cc997ac99cc0dd5f70d5122e27799f1fae9b87692ecd7e760 608.17MB / 8.60GB 157.6s
#5 sha256:12dad4415c9e9a4ec37e4e561d0edcbef636ca224a584b74b04aea0a7efc27be 558.89MB / 1.31GB 159.9s
#5 sha256:2c63db0a8520811d41d1cd1c0f0c25dc80013492b8ef7bd689e88f89eabf1743 904.92MB / 3.21GB 160.5s
#5 sha256:485640c797a8965cc997ac99cc0dd5f70d5122e27799f1fae9b87692ecd7e760 643.83MB / 8.60GB 162.7s
#5 sha256:12dad4415c9e9a4ec37e4e561d0edcbef636ca224a584b74b04aea0a7efc27be 585.11MB / 1.31GB 165.0s
#5 sha256:2c63db0a8520811d41d1cd1c0f0c25dc80013492b8ef7bd689e88f89eabf1743 920.65MB / 3.21GB 165.6s
#5 sha256:485640c797a8965cc997ac99cc0dd5f70d5122e27799f1fae9b87692ecd7e760 677.38MB / 8.60GB 167.8s
#5 sha256:12dad4415c9e9a4ec37e4e561d0edcbef636ca224a584b74b04aea0a7efc27be 616.56MB / 1.31GB 170.1s
#5 sha256:2c63db0a8520811d41d1cd1c0f0c25dc80013492b8ef7bd689e88f89eabf1743 942.67MB / 3.21GB 170.7s
#5 sha256:485640c797a8965cc997ac99cc0dd5f70d5122e27799f1fae9b87692ecd7e760 715.13MB / 8.60GB 172.9s
#5 sha256:12dad4415c9e9a4ec37e4e561d0edcbef636ca224a584b74b04aea0a7efc27be 635.44MB / 1.31GB 175.1s
#5 sha256:2c63db0a8520811d41d1cd1c0f0c25dc80013492b8ef7bd689e88f89eabf1743 957.35MB / 3.21GB 175.9s
#5 sha256:485640c797a8965cc997ac99cc0dd5f70d5122e27799f1fae9b87692ecd7e760 763.36MB / 8.60GB 177.9s
#5 sha256:12dad4415c9e9a4ec37e4e561d0edcbef636ca224a584b74b04aea0a7efc27be 657.46MB / 1.31GB 180.2s
#5 sha256:2c63db0a8520811d41d1cd1c0f0c25dc80013492b8ef7bd689e88f89eabf1743 969.93MB / 3.21GB 180.9s
#5 sha256:485640c797a8965cc997ac99cc0dd5f70d5122e27799f1fae9b87692ecd7e760 808.45MB / 8.60GB 183.0s
#5 sha256:12dad4415c9e9a4ec37e4e561d0edcbef636ca224a584b74b04aea0a7efc27be 683.67MB / 1.31GB 185.2s
#5 sha256:2c63db0a8520811d41d1cd1c0f0c25dc80013492b8ef7bd689e88f89eabf1743 982.52MB / 3.21GB 186.0s
#5 sha256:485640c797a8965cc997ac99cc0dd5f70d5122e27799f1fae9b87692ecd7e760 856.69MB / 8.60GB 188.1s
#5 sha256:12dad4415c9e9a4ec37e4e561d0edcbef636ca224a584b74b04aea0a7efc27be 699.40MB / 1.31GB 190.4s
#5 sha256:2c63db0a8520811d41d1cd1c0f0c25dc80013492b8ef7bd689e88f89eabf1743 989.86MB / 3.21GB 191.2s
#5 sha256:485640c797a8965cc997ac99cc0dd5f70d5122e27799f1fae9b87692ecd7e760 929.04MB / 8.60GB 193.2s
#5 sha256:12dad4415c9e9a4ec37e4e561d0edcbef636ca224a584b74b04aea0a7efc27be 705.69MB / 1.31GB 195.5s
#5 sha256:2c63db0a8520811d41d1cd1c0f0c25dc80013492b8ef7bd689e88f89eabf1743 994.05MB / 3.21GB 196.2s
#5 sha256:485640c797a8965cc997ac99cc0dd5f70d5122e27799f1fae9b87692ecd7e760 999.29MB / 8.60GB 198.2s
#5 sha256:12dad4415c9e9a4ec37e4e561d0edcbef636ca224a584b74b04aea0a7efc27be 708.84MB / 1.31GB 200.6s
#5 sha256:2c63db0a8520811d41d1cd1c0f0c25dc80013492b8ef7bd689e88f89eabf1743 998.24MB / 3.21GB 201.2s
#5 sha256:485640c797a8965cc997ac99cc0dd5f70d5122e27799f1fae9b87692ecd7e760 1.08GB / 8.60GB 203.3s
#5 sha256:12dad4415c9e9a4ec37e4e561d0edcbef636ca224a584b74b04aea0a7efc27be 710.93MB / 1.31GB 205.6s
#5 sha256:2c63db0a8520811d41d1cd1c0f0c25dc80013492b8ef7bd689e88f89eabf1743 1.00GB / 3.21GB 206.2s
#5 sha256:485640c797a8965cc997ac99cc0dd5f70d5122e27799f1fae9b87692ecd7e760 1.16GB / 8.60GB 208.4s
#5 sha256:12dad4415c9e9a4ec37e4e561d0edcbef636ca224a584b74b04aea0a7efc27be 717.23MB / 1.31GB 210.8s
#5 sha256:2c63db0a8520811d41d1cd1c0f0c25dc80013492b8ef7bd689e88f89eabf1743 1.01GB / 3.21GB 211.4s
#5 sha256:485640c797a8965cc997ac99cc0dd5f70d5122e27799f1fae9b87692ecd7e760 1.21GB / 8.60GB 213.4s
#5 sha256:12dad4415c9e9a4ec37e4e561d0edcbef636ca224a584b74b04aea0a7efc27be 738.20MB / 1.31GB 215.8s
#5 sha256:2c63db0a8520811d41d1cd1c0f0c25dc80013492b8ef7bd689e88f89eabf1743 1.02GB / 3.21GB 216.4s
#5 sha256:485640c797a8965cc997ac99cc0dd5f70d5122e27799f1fae9b87692ecd7e760 1.24GB / 8.60GB 218.6s
#5 sha256:12dad4415c9e9a4ec37e4e561d0edcbef636ca224a584b74b04aea0a7efc27be 771.75MB / 1.31GB 221.0s
#5 sha256:2c63db0a8520811d41d1cd1c0f0c25dc80013492b8ef7bd689e88f89eabf1743 1.05GB / 3.21GB 221.6s
#5 sha256:485640c797a8965cc997ac99cc0dd5f70d5122e27799f1fae9b87692ecd7e760 1.27GB / 8.60GB 223.8s
#5 sha256:12dad4415c9e9a4ec37e4e561d0edcbef636ca224a584b74b04aea0a7efc27be 807.40MB / 1.31GB 226.2s
#5 sha256:2c63db0a8520811d41d1cd1c0f0c25dc80013492b8ef7bd689e88f89eabf1743 1.08GB / 3.21GB 226.6s
#5 sha256:485640c797a8965cc997ac99cc0dd5f70d5122e27799f1fae9b87692ecd7e760 1.29GB / 8.60GB 228.9s
#5 sha256:12dad4415c9e9a4ec37e4e561d0edcbef636ca224a584b74b04aea0a7efc27be 823.13MB / 1.31GB 231.3s
#5 sha256:2c63db0a8520811d41d1cd1c0f0c25dc80013492b8ef7bd689e88f89eabf1743 1.13GB / 3.21GB 231.7s
#5 sha256:485640c797a8965cc997ac99cc0dd5f70d5122e27799f1fae9b87692ecd7e760 1.30GB / 8.60GB 233.9s
#5 sha256:12dad4415c9e9a4ec37e4e561d0edcbef636ca224a584b74b04aea0a7efc27be 831.52MB / 1.31GB 236.3s
#5 sha256:2c63db0a8520811d41d1cd1c0f0c25dc80013492b8ef7bd689e88f89eabf1743 1.19GB / 3.21GB 236.7s
#5 sha256:485640c797a8965cc997ac99cc0dd5f70d5122e27799f1fae9b87692ecd7e760 1.32GB / 8.60GB 239.0s
#5 sha256:12dad4415c9e9a4ec37e4e561d0edcbef636ca224a584b74b04aea0a7efc27be 842.01MB / 1.31GB 241.3s
#5 sha256:2c63db0a8520811d41d1cd1c0f0c25dc80013492b8ef7bd689e88f89eabf1743 1.23GB / 3.21GB 241.7s
#5 sha256:485640c797a8965cc997ac99cc0dd5f70d5122e27799f1fae9b87692ecd7e760 1.38GB / 8.60GB 244.1s
#5 sha256:12dad4415c9e9a4ec37e4e561d0edcbef636ca224a584b74b04aea0a7efc27be 845.15MB / 1.31GB 246.5s
#5 sha256:2c63db0a8520811d41d1cd1c0f0c25dc80013492b8ef7bd689e88f89eabf1743 1.24GB / 3.21GB 246.7s
#5 sha256:485640c797a8965cc997ac99cc0dd5f70d5122e27799f1fae9b87692ecd7e760 1.44GB / 8.60GB 249.1s
#5 sha256:12dad4415c9e9a4ec37e4e561d0edcbef636ca224a584b74b04aea0a7efc27be 857.74MB / 1.31GB 251.7s
#5 sha256:2c63db0a8520811d41d1cd1c0f0c25dc80013492b8ef7bd689e88f89eabf1743 1.26GB / 3.21GB 251.8s
#5 sha256:485640c797a8965cc997ac99cc0dd5f70d5122e27799f1fae9b87692ecd7e760 1.48GB / 8.60GB 254.2s
#5 sha256:12dad4415c9e9a4ec37e4e561d0edcbef636ca224a584b74b04aea0a7efc27be 878.71MB / 1.31GB 256.8s
#5 sha256:2c63db0a8520811d41d1cd1c0f0c25dc80013492b8ef7bd689e88f89eabf1743 1.29GB / 3.21GB 256.8s
#5 sha256:485640c797a8965cc997ac99cc0dd5f70d5122e27799f1fae9b87692ecd7e760 1.50GB / 8.60GB 259.3s
#5 sha256:12dad4415c9e9a4ec37e4e561d0edcbef636ca224a584b74b04aea0a7efc27be 901.78MB / 1.31GB 261.9s
#5 sha256:2c63db0a8520811d41d1cd1c0f0c25dc80013492b8ef7bd689e88f89eabf1743 1.33GB / 3.21GB 261.9s
#5 sha256:485640c797a8965cc997ac99cc0dd5f70d5122e27799f1fae9b87692ecd7e760 1.51GB / 8.60GB 264.4s
#5 sha256:12dad4415c9e9a4ec37e4e561d0edcbef636ca224a584b74b04aea0a7efc27be 920.65MB / 1.31GB 267.0s
#5 sha256:2c63db0a8520811d41d1cd1c0f0c25dc80013492b8ef7bd689e88f89eabf1743 1.39GB / 3.21GB 267.0s
#5 sha256:485640c797a8965cc997ac99cc0dd5f70d5122e27799f1fae9b87692ecd7e760 1.52GB / 8.60GB 269.4s
#5 sha256:12dad4415c9e9a4ec37e4e561d0edcbef636ca224a584b74b04aea0a7efc27be 935.33MB / 1.31GB 272.1s
#5 sha256:2c63db0a8520811d41d1cd1c0f0c25dc80013492b8ef7bd689e88f89eabf1743 1.44GB / 3.21GB 272.1s
#5 sha256:485640c797a8965cc997ac99cc0dd5f70d5122e27799f1fae9b87692ecd7e760 1.54GB / 8.60GB 274.4s
#5 sha256:12dad4415c9e9a4ec37e4e561d0edcbef636ca224a584b74b04aea0a7efc27be 953.16MB / 1.31GB 277.2s
#5 sha256:2c63db0a8520811d41d1cd1c0f0c25dc80013492b8ef7bd689e88f89eabf1743 1.49GB / 3.21GB 277.2s
#5 sha256:485640c797a8965cc997ac99cc0dd5f70d5122e27799f1fae9b87692ecd7e760 1.56GB / 8.60GB 279.4s
#5 sha256:12dad4415c9e9a4ec37e4e561d0edcbef636ca224a584b74b04aea0a7efc27be 969.93MB / 1.31GB 282.4s
#5 sha256:2c63db0a8520811d41d1cd1c0f0c25dc80013492b8ef7bd689e88f89eabf1743 1.53GB / 3.21GB 282.4s
#5 sha256:485640c797a8965cc997ac99cc0dd5f70d5122e27799f1fae9b87692ecd7e760 1.59GB / 8.60GB 284.4s
#5 sha256:12dad4415c9e9a4ec37e4e561d0edcbef636ca224a584b74b04aea0a7efc27be 982.52MB / 1.31GB 287.4s
#5 sha256:2c63db0a8520811d41d1cd1c0f0c25dc80013492b8ef7bd689e88f89eabf1743 1.56GB / 3.21GB 287.4s
#5 sha256:485640c797a8965cc997ac99cc0dd5f70d5122e27799f1fae9b87692ecd7e760 1.64GB / 8.60GB 289.4s
#5 sha256:12dad4415c9e9a4ec37e4e561d0edcbef636ca224a584b74b04aea0a7efc27be 993.00MB / 1.31GB 292.4s
#5 sha256:2c63db0a8520811d41d1cd1c0f0c25dc80013492b8ef7bd689e88f89eabf1743 1.57GB / 3.21GB 292.4s
#5 sha256:485640c797a8965cc997ac99cc0dd5f70d5122e27799f1fae9b87692ecd7e760 1.70GB / 8.60GB 294.6s
#5 sha256:12dad4415c9e9a4ec37e4e561d0edcbef636ca224a584b74b04aea0a7efc27be 1.01GB / 1.31GB 297.6s
#5 sha256:2c63db0a8520811d41d1cd1c0f0c25dc80013492b8ef7bd689e88f89eabf1743 1.59GB / 3.21GB 297.6s
#5 sha256:485640c797a8965cc997ac99cc0dd5f70d5122e27799f1fae9b87692ecd7e760 1.74GB / 8.60GB 299.7s
#5 sha256:12dad4415c9e9a4ec37e4e561d0edcbef636ca224a584b74b04aea0a7efc27be 1.03GB / 1.31GB 302.7s
#5 sha256:2c63db0a8520811d41d1cd1c0f0c25dc80013492b8ef7bd689e88f89eabf1743 1.61GB / 3.21GB 302.7s
#5 sha256:485640c797a8965cc997ac99cc0dd5f70d5122e27799f1fae9b87692ecd7e760 1.79GB / 8.60GB 304.8s
#5 sha256:12dad4415c9e9a4ec37e4e561d0edcbef636ca224a584b74b04aea0a7efc27be 1.05GB / 1.31GB 307.7s
#5 sha256:2c63db0a8520811d41d1cd1c0f0c25dc80013492b8ef7bd689e88f89eabf1743 1.62GB / 3.21GB 307.7s
#5 sha256:485640c797a8965cc997ac99cc0dd5f70d5122e27799f1fae9b87692ecd7e760 1.84GB / 8.60GB 309.8s
#5 sha256:12dad4415c9e9a4ec37e4e561d0edcbef636ca224a584b74b04aea0a7efc27be 1.07GB / 1.31GB 312.8s
#5 sha256:2c63db0a8520811d41d1cd1c0f0c25dc80013492b8ef7bd689e88f89eabf1743 1.64GB / 3.21GB 312.8s
#5 sha256:485640c797a8965cc997ac99cc0dd5f70d5122e27799f1fae9b87692ecd7e760 1.88GB / 8.60GB 315.0s
#5 sha256:12dad4415c9e9a4ec37e4e561d0edcbef636ca224a584b74b04aea0a7efc27be 1.10GB / 1.31GB 317.9s
#5 sha256:2c63db0a8520811d41d1cd1c0f0c25dc80013492b8ef7bd689e88f89eabf1743 1.66GB / 3.21GB 317.9s
#5 sha256:485640c797a8965cc997ac99cc0dd5f70d5122e27799f1fae9b87692ecd7e760 1.92GB / 8.60GB 320.1s
#5 sha256:12dad4415c9e9a4ec37e4e561d0edcbef636ca224a584b74b04aea0a7efc27be 1.12GB / 1.31GB 322.9s
#5 sha256:2c63db0a8520811d41d1cd1c0f0c25dc80013492b8ef7bd689e88f89eabf1743 1.68GB / 3.21GB 322.9s
#5 sha256:485640c797a8965cc997ac99cc0dd5f70d5122e27799f1fae9b87692ecd7e760 1.96GB / 8.60GB 325.2s
#5 sha256:12dad4415c9e9a4ec37e4e561d0edcbef636ca224a584b74b04aea0a7efc27be 1.15GB / 1.31GB 328.0s
#5 sha256:2c63db0a8520811d41d1cd1c0f0c25dc80013492b8ef7bd689e88f89eabf1743 1.70GB / 3.21GB 328.0s
#5 sha256:485640c797a8965cc997ac99cc0dd5f70d5122e27799f1fae9b87692ecd7e760 1.99GB / 8.60GB 330.2s
#5 sha256:12dad4415c9e9a4ec37e4e561d0edcbef636ca224a584b74b04aea0a7efc27be 1.18GB / 1.31GB 333.1s
#5 sha256:2c63db0a8520811d41d1cd1c0f0c25dc80013492b8ef7bd689e88f89eabf1743 1.72GB / 3.21GB 333.1s
#5 sha256:485640c797a8965cc997ac99cc0dd5f70d5122e27799f1fae9b87692ecd7e760 2.01GB / 8.60GB 335.3s
#5 sha256:12dad4415c9e9a4ec37e4e561d0edcbef636ca224a584b74b04aea0a7efc27be 1.22GB / 1.31GB 338.3s
#5 sha256:2c63db0a8520811d41d1cd1c0f0c25dc80013492b8ef7bd689e88f89eabf1743 1.75GB / 3.21GB 338.3s
#5 sha256:485640c797a8965cc997ac99cc0dd5f70d5122e27799f1fae9b87692ecd7e760 2.04GB / 8.60GB 340.4s
#5 sha256:12dad4415c9e9a4ec37e4e561d0edcbef636ca224a584b74b04aea0a7efc27be 1.25GB / 1.31GB 343.3s
#5 sha256:2c63db0a8520811d41d1cd1c0f0c25dc80013492b8ef7bd689e88f89eabf1743 1.78GB / 3.21GB 343.3s
#5 sha256:485640c797a8965cc997ac99cc0dd5f70d5122e27799f1fae9b87692ecd7e760 2.05GB / 8.60GB 345.4s
#5 sha256:12dad4415c9e9a4ec37e4e561d0edcbef636ca224a584b74b04aea0a7efc27be 1.28GB / 1.31GB 348.4s
#5 sha256:2c63db0a8520811d41d1cd1c0f0c25dc80013492b8ef7bd689e88f89eabf1743 1.81GB / 3.21GB 348.4s
#5 sha256:485640c797a8965cc997ac99cc0dd5f70d5122e27799f1fae9b87692ecd7e760 2.09GB / 8.60GB 350.6s
#5 sha256:12dad4415c9e9a4ec37e4e561d0edcbef636ca224a584b74b04aea0a7efc27be 1.29GB / 1.31GB 353.5s
#5 sha256:2c63db0a8520811d41d1cd1c0f0c25dc80013492b8ef7bd689e88f89eabf1743 1.83GB / 3.21GB 353.5s
#5 sha256:485640c797a8965cc997ac99cc0dd5f70d5122e27799f1fae9b87692ecd7e760 2.15GB / 8.60GB 355.6s
#5 sha256:12dad4415c9e9a4ec37e4e561d0edcbef636ca224a584b74b04aea0a7efc27be 1.30GB / 1.31GB 358.6s
#5 sha256:2c63db0a8520811d41d1cd1c0f0c25dc80013492b8ef7bd689e88f89eabf1743 1.84GB / 3.21GB 358.6s
#5 sha256:485640c797a8965cc997ac99cc0dd5f70d5122e27799f1fae9b87692ecd7e760 2.20GB / 8.60GB 360.6s
#5 sha256:12dad4415c9e9a4ec37e4e561d0edcbef636ca224a584b74b04aea0a7efc27be 1.30GB / 1.31GB 363.8s
#5 sha256:2c63db0a8520811d41d1cd1c0f0c25dc80013492b8ef7bd689e88f89eabf1743 1.85GB / 3.21GB 363.8s
#5 sha256:485640c797a8965cc997ac99cc0dd5f70d5122e27799f1fae9b87692ecd7e760 2.25GB / 8.60GB 365.7s
#5 sha256:12dad4415c9e9a4ec37e4e561d0edcbef636ca224a584b74b04aea0a7efc27be 1.31GB / 1.31GB 368.7s done
#5 sha256:2c63db0a8520811d41d1cd1c0f0c25dc80013492b8ef7bd689e88f89eabf1743 1.87GB / 3.21GB 368.8s
#5 sha256:cbe4bc62821914ae0e564b543d6d141c1da2ac6d88149419c94ddfec9102946c 0B / 31.26MB 368.8s
#5 extracting sha256:12dad4415c9e9a4ec37e4e561d0edcbef636ca224a584b74b04aea0a7efc27be
#5 ...

#7 [auth] bioinformaticsmusc/biocm-python:pull token for registry-1.docker.io
#7 sha256:1b7ae54b3495fbb0c778b8e8da4d3e9d7ce0836f2a3d04182fced44d5f2d0a1a
#7 DONE 0.0s

#5 [1/2] FROM docker.io/bioinformaticsmusc/biocm-python:1.0.0@sha256:a3428ce5920b54919b40fdd56bb7f912e7e36df0baf17a04a9c86a482c13c8b7
#5 sha256:3c6bdcb66a9d6303af580ffb887665ae4593426fc3425833757e7dd8275be419
#5 sha256:485640c797a8965cc997ac99cc0dd5f70d5122e27799f1fae9b87692ecd7e760 2.31GB / 8.60GB 370.7s
#5 sha256:cbe4bc62821914ae0e564b543d6d141c1da2ac6d88149419c94ddfec9102946c 2.10MB / 31.26MB 371.2s
#5 sha256:cbe4bc62821914ae0e564b543d6d141c1da2ac6d88149419c94ddfec9102946c 4.19MB / 31.26MB 372.5s
#5 sha256:cbe4bc62821914ae0e564b543d6d141c1da2ac6d88149419c94ddfec9102946c 6.29MB / 31.26MB 373.8s
#5 sha256:2c63db0a8520811d41d1cd1c0f0c25dc80013492b8ef7bd689e88f89eabf1743 1.88GB / 3.21GB 374.0s
#5 extracting sha256:12dad4415c9e9a4ec37e4e561d0edcbef636ca224a584b74b04aea0a7efc27be 5.2s
#5 sha256:cbe4bc62821914ae0e564b543d6d141c1da2ac6d88149419c94ddfec9102946c 8.39MB / 31.26MB 374.7s
#5 sha256:cbe4bc62821914ae0e564b543d6d141c1da2ac6d88149419c94ddfec9102946c 10.49MB / 31.26MB 375.4s
#5 sha256:485640c797a8965cc997ac99cc0dd5f70d5122e27799f1fae9b87692ecd7e760 2.37GB / 8.60GB 375.8s
#5 sha256:cbe4bc62821914ae0e564b543d6d141c1da2ac6d88149419c94ddfec9102946c 12.58MB / 31.26MB 376.1s
#5 sha256:cbe4bc62821914ae0e564b543d6d141c1da2ac6d88149419c94ddfec9102946c 14.68MB / 31.26MB 376.7s
#5 sha256:cbe4bc62821914ae0e564b543d6d141c1da2ac6d88149419c94ddfec9102946c 16.78MB / 31.26MB 377.3s
#5 sha256:cbe4bc62821914ae0e564b543d6d141c1da2ac6d88149419c94ddfec9102946c 18.87MB / 31.26MB 377.8s
#5 sha256:cbe4bc62821914ae0e564b543d6d141c1da2ac6d88149419c94ddfec9102946c 20.97MB / 31.26MB 378.2s
#5 sha256:cbe4bc62821914ae0e564b543d6d141c1da2ac6d88149419c94ddfec9102946c 23.07MB / 31.26MB 378.7s
#5 sha256:2c63db0a8520811d41d1cd1c0f0c25dc80013492b8ef7bd689e88f89eabf1743 1.91GB / 3.21GB 379.0s
#5 sha256:cbe4bc62821914ae0e564b543d6d141c1da2ac6d88149419c94ddfec9102946c 25.17MB / 31.26MB 379.2s
#5 extracting sha256:12dad4415c9e9a4ec37e4e561d0edcbef636ca224a584b74b04aea0a7efc27be 10.3s
#5 sha256:cbe4bc62821914ae0e564b543d6d141c1da2ac6d88149419c94ddfec9102946c 27.26MB / 31.26MB 379.5s
#5 sha256:cbe4bc62821914ae0e564b543d6d141c1da2ac6d88149419c94ddfec9102946c 29.36MB / 31.26MB 380.0s
#5 sha256:cbe4bc62821914ae0e564b543d6d141c1da2ac6d88149419c94ddfec9102946c 31.26MB / 31.26MB 380.3s
#5 sha256:cbe4bc62821914ae0e564b543d6d141c1da2ac6d88149419c94ddfec9102946c 31.26MB / 31.26MB 380.3s done
#5 sha256:b874969c53a38ebe72a8fbd7f0a9014fd7e7d3605a1321f0e449cfe16ade364f 0B / 16.76MB 380.4s
#5 sha256:485640c797a8965cc997ac99cc0dd5f70d5122e27799f1fae9b87692ecd7e760 2.39GB / 8.60GB 380.8s
#5 sha256:b874969c53a38ebe72a8fbd7f0a9014fd7e7d3605a1321f0e449cfe16ade364f 1.05MB / 16.76MB 381.1s
#5 sha256:b874969c53a38ebe72a8fbd7f0a9014fd7e7d3605a1321f0e449cfe16ade364f 2.10MB / 16.76MB 381.3s
#5 sha256:b874969c53a38ebe72a8fbd7f0a9014fd7e7d3605a1321f0e449cfe16ade364f 3.15MB / 16.76MB 381.6s
#5 sha256:b874969c53a38ebe72a8fbd7f0a9014fd7e7d3605a1321f0e449cfe16ade364f 4.19MB / 16.76MB 381.7s
#5 sha256:b874969c53a38ebe72a8fbd7f0a9014fd7e7d3605a1321f0e449cfe16ade364f 5.24MB / 16.76MB 381.9s
#5 sha256:b874969c53a38ebe72a8fbd7f0a9014fd7e7d3605a1321f0e449cfe16ade364f 6.29MB / 16.76MB 382.0s
#5 sha256:b874969c53a38ebe72a8fbd7f0a9014fd7e7d3605a1321f0e449cfe16ade364f 7.34MB / 16.76MB 382.2s
#5 sha256:b874969c53a38ebe72a8fbd7f0a9014fd7e7d3605a1321f0e449cfe16ade364f 8.39MB / 16.76MB 382.3s
#5 sha256:b874969c53a38ebe72a8fbd7f0a9014fd7e7d3605a1321f0e449cfe16ade364f 9.44MB / 16.76MB 382.5s
#5 sha256:b874969c53a38ebe72a8fbd7f0a9014fd7e7d3605a1321f0e449cfe16ade364f 10.49MB / 16.76MB 382.6s
#5 sha256:b874969c53a38ebe72a8fbd7f0a9014fd7e7d3605a1321f0e449cfe16ade364f 11.53MB / 16.76MB 382.7s
#5 sha256:b874969c53a38ebe72a8fbd7f0a9014fd7e7d3605a1321f0e449cfe16ade364f 12.58MB / 16.76MB 382.9s
#5 sha256:b874969c53a38ebe72a8fbd7f0a9014fd7e7d3605a1321f0e449cfe16ade364f 14.68MB / 16.76MB 383.1s
#5 sha256:b874969c53a38ebe72a8fbd7f0a9014fd7e7d3605a1321f0e449cfe16ade364f 15.73MB / 16.76MB 383.2s
#5 sha256:b874969c53a38ebe72a8fbd7f0a9014fd7e7d3605a1321f0e449cfe16ade364f 16.76MB / 16.76MB 383.3s done
#5 sha256:b7b55d11ed2d03d6012459fad8625bf59fea2287cb263ff31492a53c49ec2ba2 0B / 619.83kB 383.4s
#5 sha256:b7b55d11ed2d03d6012459fad8625bf59fea2287cb263ff31492a53c49ec2ba2 619.83kB / 619.83kB 383.6s done
#5 sha256:2c63db0a8520811d41d1cd1c0f0c25dc80013492b8ef7bd689e88f89eabf1743 1.94GB / 3.21GB 384.0s
#5 extracting sha256:12dad4415c9e9a4ec37e4e561d0edcbef636ca224a584b74b04aea0a7efc27be 15.4s
#5 sha256:485640c797a8965cc997ac99cc0dd5f70d5122e27799f1fae9b87692ecd7e760 2.42GB / 8.60GB 385.9s
#5 sha256:2c63db0a8520811d41d1cd1c0f0c25dc80013492b8ef7bd689e88f89eabf1743 1.99GB / 3.21GB 389.1s
#5 extracting sha256:12dad4415c9e9a4ec37e4e561d0edcbef636ca224a584b74b04aea0a7efc27be 20.4s
#5 sha256:485640c797a8965cc997ac99cc0dd5f70d5122e27799f1fae9b87692ecd7e760 2.45GB / 8.60GB 391.0s
#5 sha256:2c63db0a8520811d41d1cd1c0f0c25dc80013492b8ef7bd689e88f89eabf1743 2.04GB / 3.21GB 394.3s
#5 extracting sha256:12dad4415c9e9a4ec37e4e561d0edcbef636ca224a584b74b04aea0a7efc27be 25.5s
#5 sha256:485640c797a8965cc997ac99cc0dd5f70d5122e27799f1fae9b87692ecd7e760 2.49GB / 8.60GB 396.1s
#5 sha256:2c63db0a8520811d41d1cd1c0f0c25dc80013492b8ef7bd689e88f89eabf1743 2.09GB / 3.21GB 399.4s
#5 extracting sha256:12dad4415c9e9a4ec37e4e561d0edcbef636ca224a584b74b04aea0a7efc27be 30.5s
#5 sha256:485640c797a8965cc997ac99cc0dd5f70d5122e27799f1fae9b87692ecd7e760 2.52GB / 8.60GB 401.2s
#5 sha256:2c63db0a8520811d41d1cd1c0f0c25dc80013492b8ef7bd689e88f89eabf1743 2.13GB / 3.21GB 404.5s
#5 extracting sha256:12dad4415c9e9a4ec37e4e561d0edcbef636ca224a584b74b04aea0a7efc27be 35.6s
#5 sha256:485640c797a8965cc997ac99cc0dd5f70d5122e27799f1fae9b87692ecd7e760 2.55GB / 8.60GB 406.3s
#5 sha256:2c63db0a8520811d41d1cd1c0f0c25dc80013492b8ef7bd689e88f89eabf1743 2.19GB / 3.21GB 409.5s
#5 extracting sha256:12dad4415c9e9a4ec37e4e561d0edcbef636ca224a584b74b04aea0a7efc27be 40.9s
#5 sha256:485640c797a8965cc997ac99cc0dd5f70d5122e27799f1fae9b87692ecd7e760 2.58GB / 8.60GB 411.4s
#5 sha256:2c63db0a8520811d41d1cd1c0f0c25dc80013492b8ef7bd689e88f89eabf1743 2.25GB / 3.21GB 414.7s
#5 extracting sha256:12dad4415c9e9a4ec37e4e561d0edcbef636ca224a584b74b04aea0a7efc27be 45.9s
#5 sha256:485640c797a8965cc997ac99cc0dd5f70d5122e27799f1fae9b87692ecd7e760 2.59GB / 8.60GB 416.5s
#5 sha256:2c63db0a8520811d41d1cd1c0f0c25dc80013492b8ef7bd689e88f89eabf1743 2.31GB / 3.21GB 419.8s
#5 extracting sha256:12dad4415c9e9a4ec37e4e561d0edcbef636ca224a584b74b04aea0a7efc27be 50.9s
#5 sha256:485640c797a8965cc997ac99cc0dd5f70d5122e27799f1fae9b87692ecd7e760 2.61GB / 8.60GB 421.5s
#5 sha256:2c63db0a8520811d41d1cd1c0f0c25dc80013492b8ef7bd689e88f89eabf1743 2.37GB / 3.21GB 424.9s
#5 extracting sha256:12dad4415c9e9a4ec37e4e561d0edcbef636ca224a584b74b04aea0a7efc27be 56.0s
#5 sha256:485640c797a8965cc997ac99cc0dd5f70d5122e27799f1fae9b87692ecd7e760 2.64GB / 8.60GB 426.5s
#5 sha256:2c63db0a8520811d41d1cd1c0f0c25dc80013492b8ef7bd689e88f89eabf1743 2.43GB / 3.21GB 430.0s
#5 extracting sha256:12dad4415c9e9a4ec37e4e561d0edcbef636ca224a584b74b04aea0a7efc27be 61.1s
#5 sha256:485640c797a8965cc997ac99cc0dd5f70d5122e27799f1fae9b87692ecd7e760 2.66GB / 8.60GB 431.6s
#5 sha256:2c63db0a8520811d41d1cd1c0f0c25dc80013492b8ef7bd689e88f89eabf1743 2.50GB / 3.21GB 435.1s
#5 extracting sha256:12dad4415c9e9a4ec37e4e561d0edcbef636ca224a584b74b04aea0a7efc27be 66.4s
#5 sha256:485640c797a8965cc997ac99cc0dd5f70d5122e27799f1fae9b87692ecd7e760 2.67GB / 8.60GB 436.6s
#5 extracting sha256:12dad4415c9e9a4ec37e4e561d0edcbef636ca224a584b74b04aea0a7efc27be 69.6s done
#5 sha256:2c63db0a8520811d41d1cd1c0f0c25dc80013492b8ef7bd689e88f89eabf1743 2.57GB / 3.21GB 440.2s
#5 sha256:485640c797a8965cc997ac99cc0dd5f70d5122e27799f1fae9b87692ecd7e760 2.69GB / 8.60GB 441.6s
#5 sha256:2c63db0a8520811d41d1cd1c0f0c25dc80013492b8ef7bd689e88f89eabf1743 2.62GB / 3.21GB 445.3s
#5 sha256:485640c797a8965cc997ac99cc0dd5f70d5122e27799f1fae9b87692ecd7e760 2.72GB / 8.60GB 446.7s
#5 sha256:2c63db0a8520811d41d1cd1c0f0c25dc80013492b8ef7bd689e88f89eabf1743 2.69GB / 3.21GB 450.4s
#5 sha256:485640c797a8965cc997ac99cc0dd5f70d5122e27799f1fae9b87692ecd7e760 2.74GB / 8.60GB 451.7s
#5 sha256:2c63db0a8520811d41d1cd1c0f0c25dc80013492b8ef7bd689e88f89eabf1743 2.74GB / 3.21GB 455.5s
#5 sha256:485640c797a8965cc997ac99cc0dd5f70d5122e27799f1fae9b87692ecd7e760 2.78GB / 8.60GB 456.8s
#5 sha256:2c63db0a8520811d41d1cd1c0f0c25dc80013492b8ef7bd689e88f89eabf1743 2.77GB / 3.21GB 460.5s
#5 sha256:485640c797a8965cc997ac99cc0dd5f70d5122e27799f1fae9b87692ecd7e760 2.83GB / 8.60GB 461.9s
#5 sha256:2c63db0a8520811d41d1cd1c0f0c25dc80013492b8ef7bd689e88f89eabf1743 2.81GB / 3.21GB 465.5s
#5 sha256:485640c797a8965cc997ac99cc0dd5f70d5122e27799f1fae9b87692ecd7e760 2.87GB / 8.60GB 467.0s
#5 sha256:2c63db0a8520811d41d1cd1c0f0c25dc80013492b8ef7bd689e88f89eabf1743 2.86GB / 3.21GB 470.7s
#5 sha256:485640c797a8965cc997ac99cc0dd5f70d5122e27799f1fae9b87692ecd7e760 2.91GB / 8.60GB 472.0s
#5 sha256:2c63db0a8520811d41d1cd1c0f0c25dc80013492b8ef7bd689e88f89eabf1743 2.89GB / 3.21GB 475.7s
#5 sha256:485640c797a8965cc997ac99cc0dd5f70d5122e27799f1fae9b87692ecd7e760 2.96GB / 8.60GB 477.1s
#5 sha256:2c63db0a8520811d41d1cd1c0f0c25dc80013492b8ef7bd689e88f89eabf1743 2.94GB / 3.21GB 480.8s
#5 sha256:485640c797a8965cc997ac99cc0dd5f70d5122e27799f1fae9b87692ecd7e760 2.99GB / 8.60GB 482.3s
#5 sha256:2c63db0a8520811d41d1cd1c0f0c25dc80013492b8ef7bd689e88f89eabf1743 2.98GB / 3.21GB 485.9s
#5 sha256:485640c797a8965cc997ac99cc0dd5f70d5122e27799f1fae9b87692ecd7e760 3.03GB / 8.60GB 487.4s
#5 sha256:2c63db0a8520811d41d1cd1c0f0c25dc80013492b8ef7bd689e88f89eabf1743 3.03GB / 3.21GB 491.0s
#5 sha256:485640c797a8965cc997ac99cc0dd5f70d5122e27799f1fae9b87692ecd7e760 3.07GB / 8.60GB 492.5s
#5 sha256:2c63db0a8520811d41d1cd1c0f0c25dc80013492b8ef7bd689e88f89eabf1743 3.07GB / 3.21GB 496.0s
#5 sha256:485640c797a8965cc997ac99cc0dd5f70d5122e27799f1fae9b87692ecd7e760 3.11GB / 8.60GB 497.7s
#5 sha256:2c63db0a8520811d41d1cd1c0f0c25dc80013492b8ef7bd689e88f89eabf1743 3.11GB / 3.21GB 501.1s
#5 sha256:485640c797a8965cc997ac99cc0dd5f70d5122e27799f1fae9b87692ecd7e760 3.15GB / 8.60GB 502.8s
#5 sha256:2c63db0a8520811d41d1cd1c0f0c25dc80013492b8ef7bd689e88f89eabf1743 3.16GB / 3.21GB 506.1s
#5 sha256:485640c797a8965cc997ac99cc0dd5f70d5122e27799f1fae9b87692ecd7e760 3.18GB / 8.60GB 507.9s
#5 sha256:2c63db0a8520811d41d1cd1c0f0c25dc80013492b8ef7bd689e88f89eabf1743 3.21GB / 3.21GB 511.1s
#5 sha256:2c63db0a8520811d41d1cd1c0f0c25dc80013492b8ef7bd689e88f89eabf1743 3.21GB / 3.21GB 511.2s done
#5 extracting sha256:2c63db0a8520811d41d1cd1c0f0c25dc80013492b8ef7bd689e88f89eabf1743 0.1s
#5 sha256:485640c797a8965cc997ac99cc0dd5f70d5122e27799f1fae9b87692ecd7e760 3.22GB / 8.60GB 512.9s
#5 extracting sha256:2c63db0a8520811d41d1cd1c0f0c25dc80013492b8ef7bd689e88f89eabf1743 5.1s
#5 sha256:485640c797a8965cc997ac99cc0dd5f70d5122e27799f1fae9b87692ecd7e760 3.30GB / 8.60GB 517.9s
#5 extracting sha256:2c63db0a8520811d41d1cd1c0f0c25dc80013492b8ef7bd689e88f89eabf1743 10.1s
#5 sha256:485640c797a8965cc997ac99cc0dd5f70d5122e27799f1fae9b87692ecd7e760 3.38GB / 8.60GB 523.0s
#5 extracting sha256:2c63db0a8520811d41d1cd1c0f0c25dc80013492b8ef7bd689e88f89eabf1743 15.3s
#5 sha256:485640c797a8965cc997ac99cc0dd5f70d5122e27799f1fae9b87692ecd7e760 3.46GB / 8.60GB 528.1s
#5 extracting sha256:2c63db0a8520811d41d1cd1c0f0c25dc80013492b8ef7bd689e88f89eabf1743 20.3s
#5 sha256:485640c797a8965cc997ac99cc0dd5f70d5122e27799f1fae9b87692ecd7e760 3.54GB / 8.60GB 533.1s
#5 extracting sha256:2c63db0a8520811d41d1cd1c0f0c25dc80013492b8ef7bd689e88f89eabf1743 25.4s
#5 sha256:485640c797a8965cc997ac99cc0dd5f70d5122e27799f1fae9b87692ecd7e760 3.62GB / 8.60GB 538.2s
#5 extracting sha256:2c63db0a8520811d41d1cd1c0f0c25dc80013492b8ef7bd689e88f89eabf1743 30.5s
#5 sha256:485640c797a8965cc997ac99cc0dd5f70d5122e27799f1fae9b87692ecd7e760 3.70GB / 8.60GB 543.2s
#5 extracting sha256:2c63db0a8520811d41d1cd1c0f0c25dc80013492b8ef7bd689e88f89eabf1743 35.5s
#5 sha256:485640c797a8965cc997ac99cc0dd5f70d5122e27799f1fae9b87692ecd7e760 3.79GB / 8.60GB 548.3s
#5 extracting sha256:2c63db0a8520811d41d1cd1c0f0c25dc80013492b8ef7bd689e88f89eabf1743 40.6s
#5 sha256:485640c797a8965cc997ac99cc0dd5f70d5122e27799f1fae9b87692ecd7e760 3.87GB / 8.60GB 553.3s
#5 extracting sha256:2c63db0a8520811d41d1cd1c0f0c25dc80013492b8ef7bd689e88f89eabf1743 45.7s
#5 sha256:485640c797a8965cc997ac99cc0dd5f70d5122e27799f1fae9b87692ecd7e760 3.95GB / 8.60GB 558.4s
#5 extracting sha256:2c63db0a8520811d41d1cd1c0f0c25dc80013492b8ef7bd689e88f89eabf1743 50.7s
#5 sha256:485640c797a8965cc997ac99cc0dd5f70d5122e27799f1fae9b87692ecd7e760 4.03GB / 8.60GB 563.5s
#5 extracting sha256:2c63db0a8520811d41d1cd1c0f0c25dc80013492b8ef7bd689e88f89eabf1743 55.8s
#5 sha256:485640c797a8965cc997ac99cc0dd5f70d5122e27799f1fae9b87692ecd7e760 4.09GB / 8.60GB 568.5s
#5 extracting sha256:2c63db0a8520811d41d1cd1c0f0c25dc80013492b8ef7bd689e88f89eabf1743 60.9s
#5 sha256:485640c797a8965cc997ac99cc0dd5f70d5122e27799f1fae9b87692ecd7e760 4.17GB / 8.60GB 573.6s
#5 extracting sha256:2c63db0a8520811d41d1cd1c0f0c25dc80013492b8ef7bd689e88f89eabf1743 66.0s
#5 sha256:485640c797a8965cc997ac99cc0dd5f70d5122e27799f1fae9b87692ecd7e760 4.26GB / 8.60GB 578.6s
#5 extracting sha256:2c63db0a8520811d41d1cd1c0f0c25dc80013492b8ef7bd689e88f89eabf1743 71.0s
#5 sha256:485640c797a8965cc997ac99cc0dd5f70d5122e27799f1fae9b87692ecd7e760 4.34GB / 8.60GB 583.7s
#5 extracting sha256:2c63db0a8520811d41d1cd1c0f0c25dc80013492b8ef7bd689e88f89eabf1743 76.1s
#5 sha256:485640c797a8965cc997ac99cc0dd5f70d5122e27799f1fae9b87692ecd7e760 4.42GB / 8.60GB 588.7s
#5 extracting sha256:2c63db0a8520811d41d1cd1c0f0c25dc80013492b8ef7bd689e88f89eabf1743 81.2s
#5 sha256:485640c797a8965cc997ac99cc0dd5f70d5122e27799f1fae9b87692ecd7e760 4.50GB / 8.60GB 593.8s
#5 extracting sha256:2c63db0a8520811d41d1cd1c0f0c25dc80013492b8ef7bd689e88f89eabf1743 86.2s
#5 sha256:485640c797a8965cc997ac99cc0dd5f70d5122e27799f1fae9b87692ecd7e760 4.58GB / 8.60GB 598.9s
#5 extracting sha256:2c63db0a8520811d41d1cd1c0f0c25dc80013492b8ef7bd689e88f89eabf1743 91.3s
#5 sha256:485640c797a8965cc997ac99cc0dd5f70d5122e27799f1fae9b87692ecd7e760 4.66GB / 8.60GB 604.0s
#5 extracting sha256:2c63db0a8520811d41d1cd1c0f0c25dc80013492b8ef7bd689e88f89eabf1743 96.4s
#5 sha256:485640c797a8965cc997ac99cc0dd5f70d5122e27799f1fae9b87692ecd7e760 4.74GB / 8.60GB 609.1s
#5 extracting sha256:2c63db0a8520811d41d1cd1c0f0c25dc80013492b8ef7bd689e88f89eabf1743 101.4s
#5 sha256:485640c797a8965cc997ac99cc0dd5f70d5122e27799f1fae9b87692ecd7e760 4.83GB / 8.60GB 614.2s
#5 extracting sha256:2c63db0a8520811d41d1cd1c0f0c25dc80013492b8ef7bd689e88f89eabf1743 106.5s
#5 sha256:485640c797a8965cc997ac99cc0dd5f70d5122e27799f1fae9b87692ecd7e760 4.91GB / 8.60GB 619.3s
#5 extracting sha256:2c63db0a8520811d41d1cd1c0f0c25dc80013492b8ef7bd689e88f89eabf1743 111.6s
#5 sha256:485640c797a8965cc997ac99cc0dd5f70d5122e27799f1fae9b87692ecd7e760 5.00GB / 8.60GB 624.4s
#5 extracting sha256:2c63db0a8520811d41d1cd1c0f0c25dc80013492b8ef7bd689e88f89eabf1743 117.1s
#5 sha256:485640c797a8965cc997ac99cc0dd5f70d5122e27799f1fae9b87692ecd7e760 5.08GB / 8.60GB 629.5s
#5 extracting sha256:2c63db0a8520811d41d1cd1c0f0c25dc80013492b8ef7bd689e88f89eabf1743 122.1s
#5 sha256:485640c797a8965cc997ac99cc0dd5f70d5122e27799f1fae9b87692ecd7e760 5.17GB / 8.60GB 634.6s
#5 extracting sha256:2c63db0a8520811d41d1cd1c0f0c25dc80013492b8ef7bd689e88f89eabf1743 127.1s
#5 sha256:485640c797a8965cc997ac99cc0dd5f70d5122e27799f1fae9b87692ecd7e760 5.25GB / 8.60GB 639.6s
#5 extracting sha256:2c63db0a8520811d41d1cd1c0f0c25dc80013492b8ef7bd689e88f89eabf1743 132.2s
#5 sha256:485640c797a8965cc997ac99cc0dd5f70d5122e27799f1fae9b87692ecd7e760 5.34GB / 8.60GB 644.7s
#5 extracting sha256:2c63db0a8520811d41d1cd1c0f0c25dc80013492b8ef7bd689e88f89eabf1743 137.2s
#5 sha256:485640c797a8965cc997ac99cc0dd5f70d5122e27799f1fae9b87692ecd7e760 5.42GB / 8.60GB 649.8s
#5 extracting sha256:2c63db0a8520811d41d1cd1c0f0c25dc80013492b8ef7bd689e88f89eabf1743 140.4s done
#5 extracting sha256:4b2f7779d48a8d5e68aca6fc4afcbeffabb70d64d651691af0090140fa499451
#5 extracting sha256:4b2f7779d48a8d5e68aca6fc4afcbeffabb70d64d651691af0090140fa499451 0.2s done
#5 extracting sha256:0b9b22f1d7e4c0072af6cff5915abdde07606381499ba7f26d691f4fc0ccecfc done
#5 sha256:485640c797a8965cc997ac99cc0dd5f70d5122e27799f1fae9b87692ecd7e760 5.50GB / 8.60GB 654.9s
#5 extracting sha256:6848ba692ede81fe080566696ec46019f5e4cdba459f6aef29aa0ad8b7c908e4
#5 extracting sha256:6848ba692ede81fe080566696ec46019f5e4cdba459f6aef29aa0ad8b7c908e4 0.1s done
#5 sha256:485640c797a8965cc997ac99cc0dd5f70d5122e27799f1fae9b87692ecd7e760 5.57GB / 8.60GB 660.0s
#5 sha256:485640c797a8965cc997ac99cc0dd5f70d5122e27799f1fae9b87692ecd7e760 5.65GB / 8.60GB 665.0s
#5 sha256:485640c797a8965cc997ac99cc0dd5f70d5122e27799f1fae9b87692ecd7e760 5.73GB / 8.60GB 670.1s
#5 sha256:485640c797a8965cc997ac99cc0dd5f70d5122e27799f1fae9b87692ecd7e760 5.82GB / 8.60GB 675.1s
#5 sha256:485640c797a8965cc997ac99cc0dd5f70d5122e27799f1fae9b87692ecd7e760 5.90GB / 8.60GB 680.1s
#5 sha256:485640c797a8965cc997ac99cc0dd5f70d5122e27799f1fae9b87692ecd7e760 5.98GB / 8.60GB 685.1s
#5 sha256:485640c797a8965cc997ac99cc0dd5f70d5122e27799f1fae9b87692ecd7e760 6.05GB / 8.60GB 690.2s
#5 sha256:485640c797a8965cc997ac99cc0dd5f70d5122e27799f1fae9b87692ecd7e760 6.13GB / 8.60GB 695.2s
#5 sha256:485640c797a8965cc997ac99cc0dd5f70d5122e27799f1fae9b87692ecd7e760 6.21GB / 8.60GB 700.3s
#5 sha256:485640c797a8965cc997ac99cc0dd5f70d5122e27799f1fae9b87692ecd7e760 6.29GB / 8.60GB 705.4s
#5 sha256:485640c797a8965cc997ac99cc0dd5f70d5122e27799f1fae9b87692ecd7e760 6.35GB / 8.60GB 710.5s
#5 sha256:485640c797a8965cc997ac99cc0dd5f70d5122e27799f1fae9b87692ecd7e760 6.42GB / 8.60GB 715.6s
#5 sha256:485640c797a8965cc997ac99cc0dd5f70d5122e27799f1fae9b87692ecd7e760 6.50GB / 8.60GB 720.7s
#5 sha256:485640c797a8965cc997ac99cc0dd5f70d5122e27799f1fae9b87692ecd7e760 6.58GB / 8.60GB 725.7s
#5 sha256:485640c797a8965cc997ac99cc0dd5f70d5122e27799f1fae9b87692ecd7e760 6.65GB / 8.60GB 730.8s
#5 sha256:485640c797a8965cc997ac99cc0dd5f70d5122e27799f1fae9b87692ecd7e760 6.72GB / 8.60GB 735.9s
#5 sha256:485640c797a8965cc997ac99cc0dd5f70d5122e27799f1fae9b87692ecd7e760 6.80GB / 8.60GB 740.9s
#5 sha256:485640c797a8965cc997ac99cc0dd5f70d5122e27799f1fae9b87692ecd7e760 6.88GB / 8.60GB 746.0s
#5 sha256:485640c797a8965cc997ac99cc0dd5f70d5122e27799f1fae9b87692ecd7e760 6.96GB / 8.60GB 751.1s
#5 sha256:485640c797a8965cc997ac99cc0dd5f70d5122e27799f1fae9b87692ecd7e760 7.04GB / 8.60GB 756.2s
#5 sha256:485640c797a8965cc997ac99cc0dd5f70d5122e27799f1fae9b87692ecd7e760 7.12GB / 8.60GB 761.2s
#5 sha256:485640c797a8965cc997ac99cc0dd5f70d5122e27799f1fae9b87692ecd7e760 7.20GB / 8.60GB 766.3s
#5 sha256:485640c797a8965cc997ac99cc0dd5f70d5122e27799f1fae9b87692ecd7e760 7.29GB / 8.60GB 771.3s
#5 sha256:485640c797a8965cc997ac99cc0dd5f70d5122e27799f1fae9b87692ecd7e760 7.37GB / 8.60GB 776.4s
#5 sha256:485640c797a8965cc997ac99cc0dd5f70d5122e27799f1fae9b87692ecd7e760 7.46GB / 8.60GB 781.5s
#5 sha256:485640c797a8965cc997ac99cc0dd5f70d5122e27799f1fae9b87692ecd7e760 7.54GB / 8.60GB 786.7s
#5 sha256:485640c797a8965cc997ac99cc0dd5f70d5122e27799f1fae9b87692ecd7e760 7.62GB / 8.60GB 791.8s
#5 sha256:485640c797a8965cc997ac99cc0dd5f70d5122e27799f1fae9b87692ecd7e760 7.70GB / 8.60GB 796.8s
#5 sha256:485640c797a8965cc997ac99cc0dd5f70d5122e27799f1fae9b87692ecd7e760 7.79GB / 8.60GB 802.0s
#5 sha256:485640c797a8965cc997ac99cc0dd5f70d5122e27799f1fae9b87692ecd7e760 7.87GB / 8.60GB 807.2s
#5 sha256:485640c797a8965cc997ac99cc0dd5f70d5122e27799f1fae9b87692ecd7e760 7.96GB / 8.60GB 812.3s
#5 sha256:485640c797a8965cc997ac99cc0dd5f70d5122e27799f1fae9b87692ecd7e760 8.04GB / 8.60GB 817.5s
#5 sha256:485640c797a8965cc997ac99cc0dd5f70d5122e27799f1fae9b87692ecd7e760 8.12GB / 8.60GB 822.6s
#5 sha256:485640c797a8965cc997ac99cc0dd5f70d5122e27799f1fae9b87692ecd7e760 8.21GB / 8.60GB 827.8s
#5 sha256:485640c797a8965cc997ac99cc0dd5f70d5122e27799f1fae9b87692ecd7e760 8.29GB / 8.60GB 832.8s
#5 sha256:485640c797a8965cc997ac99cc0dd5f70d5122e27799f1fae9b87692ecd7e760 8.37GB / 8.60GB 837.9s
#5 sha256:485640c797a8965cc997ac99cc0dd5f70d5122e27799f1fae9b87692ecd7e760 8.46GB / 8.60GB 843.0s
#5 sha256:485640c797a8965cc997ac99cc0dd5f70d5122e27799f1fae9b87692ecd7e760 8.54GB / 8.60GB 848.1s
#5 sha256:485640c797a8965cc997ac99cc0dd5f70d5122e27799f1fae9b87692ecd7e760 8.60GB / 8.60GB 851.9s done
#5 extracting sha256:485640c797a8965cc997ac99cc0dd5f70d5122e27799f1fae9b87692ecd7e760 0.1s
#5 extracting sha256:485640c797a8965cc997ac99cc0dd5f70d5122e27799f1fae9b87692ecd7e760 5.3s
#5 extracting sha256:485640c797a8965cc997ac99cc0dd5f70d5122e27799f1fae9b87692ecd7e760 10.4s
#5 extracting sha256:485640c797a8965cc997ac99cc0dd5f70d5122e27799f1fae9b87692ecd7e760 15.4s
#5 extracting sha256:485640c797a8965cc997ac99cc0dd5f70d5122e27799f1fae9b87692ecd7e760 20.5s
#5 extracting sha256:485640c797a8965cc997ac99cc0dd5f70d5122e27799f1fae9b87692ecd7e760 25.5s
#5 extracting sha256:485640c797a8965cc997ac99cc0dd5f70d5122e27799f1fae9b87692ecd7e760 30.6s
#5 extracting sha256:485640c797a8965cc997ac99cc0dd5f70d5122e27799f1fae9b87692ecd7e760 35.7s
#5 extracting sha256:485640c797a8965cc997ac99cc0dd5f70d5122e27799f1fae9b87692ecd7e760 40.7s
#5 extracting sha256:485640c797a8965cc997ac99cc0dd5f70d5122e27799f1fae9b87692ecd7e760 45.8s
#5 extracting sha256:485640c797a8965cc997ac99cc0dd5f70d5122e27799f1fae9b87692ecd7e760 50.8s
#5 extracting sha256:485640c797a8965cc997ac99cc0dd5f70d5122e27799f1fae9b87692ecd7e760 55.9s
#5 extracting sha256:485640c797a8965cc997ac99cc0dd5f70d5122e27799f1fae9b87692ecd7e760 61.0s
#5 extracting sha256:485640c797a8965cc997ac99cc0dd5f70d5122e27799f1fae9b87692ecd7e760 66.3s
#5 extracting sha256:485640c797a8965cc997ac99cc0dd5f70d5122e27799f1fae9b87692ecd7e760 71.4s
#5 extracting sha256:485640c797a8965cc997ac99cc0dd5f70d5122e27799f1fae9b87692ecd7e760 76.4s
#5 extracting sha256:485640c797a8965cc997ac99cc0dd5f70d5122e27799f1fae9b87692ecd7e760 81.5s
#5 extracting sha256:485640c797a8965cc997ac99cc0dd5f70d5122e27799f1fae9b87692ecd7e760 86.6s
#5 extracting sha256:485640c797a8965cc997ac99cc0dd5f70d5122e27799f1fae9b87692ecd7e760 91.6s
#5 extracting sha256:485640c797a8965cc997ac99cc0dd5f70d5122e27799f1fae9b87692ecd7e760 96.7s
#5 extracting sha256:485640c797a8965cc997ac99cc0dd5f70d5122e27799f1fae9b87692ecd7e760 101.8s
#5 extracting sha256:485640c797a8965cc997ac99cc0dd5f70d5122e27799f1fae9b87692ecd7e760 106.9s
#5 extracting sha256:485640c797a8965cc997ac99cc0dd5f70d5122e27799f1fae9b87692ecd7e760 109.8s done
#5 extracting sha256:cbe4bc62821914ae0e564b543d6d141c1da2ac6d88149419c94ddfec9102946c
#5 extracting sha256:cbe4bc62821914ae0e564b543d6d141c1da2ac6d88149419c94ddfec9102946c 0.6s done
#5 extracting sha256:b874969c53a38ebe72a8fbd7f0a9014fd7e7d3605a1321f0e449cfe16ade364f
#5 extracting sha256:b874969c53a38ebe72a8fbd7f0a9014fd7e7d3605a1321f0e449cfe16ade364f 0.4s done
#5 extracting sha256:b7b55d11ed2d03d6012459fad8625bf59fea2287cb263ff31492a53c49ec2ba2
#5 extracting sha256:b7b55d11ed2d03d6012459fad8625bf59fea2287cb263ff31492a53c49ec2ba2 0.0s done
#5 DONE 964.1s

#6 [2/2] RUN pip install cnmf squidpy
#6 sha256:c31febe0ccf7e52ecd0c9d8083d7b4543e933f4b20babf194e162b6863c26644
#6 6.190 Collecting cnmf
#6 6.488   Downloading cnmf-1.3.4-py3-none-any.whl (19 kB)
#6 6.672 Collecting squidpy
#6 6.732   Downloading squidpy-1.2.3-py3-none-any.whl (180 kB)
#6 6.808       180.5/180.5 kB 4.9 MB/s eta 0:00:00
#6 7.512 Collecting fastcluster
#6 7.569   Downloading fastcluster-1.2.6-cp39-cp39-manylinux_2_5_x86_64.manylinux1_x86_64.manylinux_2_17_x86_64.manylinux2014_x86_64.whl (193 kB)
#6 7.614       193.7/193.7 kB 9.3 MB/s eta 0:00:00
#6 7.639 Requirement already satisfied: scanpy in /opt/conda/lib/python3.9/site-packages (from cnmf) (1.9.1)
#6 7.641 Requirement already satisfied: numpy in /opt/conda/lib/python3.9/site-packages (from cnmf) (1.23.4)
#6 7.647 Requirement already satisfied: scikit-learn>=1.0 in /opt/conda/lib/python3.9/site-packages (from cnmf) (1.1.3)
#6 7.651 Requirement already satisfied: pandas in /opt/conda/lib/python3.9/site-packages (from cnmf) (1.5.1)
#6 7.794 Collecting palettable
#6 7.836   Downloading palettable-3.3.3-py2.py3-none-any.whl (332 kB)
#6 7.892       332.3/332.3 kB 9.1 MB/s eta 0:00:00
#6 7.930 Requirement already satisfied: pyyaml in /opt/conda/lib/python3.9/site-packages (from cnmf) (6.0)
#6 7.936 Requirement already satisfied: matplotlib in /opt/conda/lib/python3.9/site-packages (from cnmf) (3.6.1)
#6 7.937 Requirement already satisfied: scipy in /opt/conda/lib/python3.9/site-packages (from cnmf) (1.9.3)
#6 8.240 Requirement already satisfied: anndata>=0.7.4 in /opt/conda/lib/python3.9/site-packages (from squidpy) (0.8.0)
#6 9.746 Collecting numba<0.56.0,>=0.55.0
#6 9.797   Downloading numba-0.55.2-cp39-cp39-manylinux2014_x86_64.manylinux_2_17_x86_64.whl (3.3 MB)
#6 10.07       3.3/3.3 MB 13.3 MB/s eta 0:00:00
#6 10.32 Requirement already satisfied: tqdm>=4.50.2 in /opt/conda/lib/python3.9/site-packages (from squidpy) (4.64.1)
#6 10.32 Requirement already satisfied: Pillow>=8.0.0 in /opt/conda/lib/python3.9/site-packages (from squidpy) (9.2.0)
#6 10.33 Requirement already satisfied: tifffile!=2022.4.22 in /opt/conda/lib/python3.9/site-packages (from squidpy) (2022.10.10)
#6 10.33 Requirement already satisfied: typing-extensions in /opt/conda/lib/python3.9/site-packages (from squidpy) (4.4.0)
#6 10.34 Requirement already satisfied: dask[array]>=2021.02.0 in /opt/conda/lib/python3.9/site-packages (from squidpy) (2022.10.2)
#6 10.34 Requirement already satisfied: statsmodels>=0.12.0 in /opt/conda/lib/python3.9/site-packages (from squidpy) (0.13.5)
#6 10.63 Collecting xarray>=0.16.1
#6 10.66   Downloading xarray-2023.5.0-py3-none-any.whl (994 kB)
#6 10.74       994.3/994.3 kB 14.3 MB/s eta 0:00:00
#6 10.81 Requirement already satisfied: aiohttp>=3.8.1 in /opt/conda/lib/python3.9/site-packages (from squidpy) (3.8.3)
#6 10.91 Collecting validators>=0.18.2
#6 10.94   Downloading validators-0.20.0.tar.gz (30 kB)
#6 11.04   Preparing metadata (setup.py): started
#6 14.79   Preparing metadata (setup.py): finished with status 'done'
#6 14.90 Collecting omnipath>=1.0.5
#6 14.94   Downloading omnipath-1.0.6-py3-none-any.whl (41 kB)
#6 14.96       41.3/41.3 kB 4.2 MB/s eta 0:00:00
#6 14.97 Requirement already satisfied: leidenalg>=0.8.2 in /opt/conda/lib/python3.9/site-packages (from squidpy) (0.9.0)
#6 16.35 Collecting matplotlib
#6 16.38   Downloading matplotlib-3.7.1-cp39-cp39-manylinux_2_17_x86_64.manylinux2014_x86_64.whl (11.6 MB)
#6 17.21       11.6/11.6 MB 13.7 MB/s eta 0:00:00
#6 17.96 Collecting matplotlib-scalebar>=0.8.0
#6 17.99   Downloading matplotlib_scalebar-0.8.1-py2.py3-none-any.whl (17 kB)
#6 18.00 Requirement already satisfied: fsspec>=2021.11.0 in /opt/conda/lib/python3.9/site-packages (from squidpy) (2022.10.0)
#6 18.01 Requirement already satisfied: networkx>=2.6.0 in /opt/conda/lib/python3.9/site-packages (from squidpy) (2.8.8)
#6 18.01 Requirement already satisfied: cycler>=0.11.0 in /opt/conda/lib/python3.9/site-packages (from squidpy) (0.11.0)
#6 18.01 Requirement already satisfied: scikit-image>=0.19 in /opt/conda/lib/python3.9/site-packages (from squidpy) (0.19.3)
#6 18.11 Collecting dask-image>=0.5.0
#6 18.14   Downloading dask_image-2023.3.0-py2.py3-none-any.whl (41 kB)
#6 18.16       41.9/41.9 kB 4.5 MB/s eta 0:00:00
#6 18.17 Requirement already satisfied: zarr>=2.6.1 in /opt/conda/lib/python3.9/site-packages (from squidpy) (2.13.3)
#6 18.18 Requirement already satisfied: docrep>=0.3.1 in /opt/conda/lib/python3.9/site-packages (from squidpy) (0.3.2)
#6 18.24 Requirement already satisfied: async-timeout<5.0,>=4.0.0a3 in /opt/conda/lib/python3.9/site-packages (from aiohttp>=3.8.1->squidpy) (4.0.2)
#6 18.25 Requirement already satisfied: attrs>=17.3.0 in /opt/conda/lib/python3.9/site-packages (from aiohttp>=3.8.1->squidpy) (22.1.0)
#6 18.25 Requirement already satisfied: aiosignal>=1.1.2 in /opt/conda/lib/python3.9/site-packages (from aiohttp>=3.8.1->squidpy) (1.2.0)
#6 18.26 Requirement already satisfied: yarl<2.0,>=1.0 in /opt/conda/lib/python3.9/site-packages (from aiohttp>=3.8.1->squidpy) (1.8.1)
#6 18.26 Requirement already satisfied: frozenlist>=1.1.1 in /opt/conda/lib/python3.9/site-packages (from aiohttp>=3.8.1->squidpy) (1.3.1)
#6 18.26 Requirement already satisfied: multidict<7.0,>=4.5 in /opt/conda/lib/python3.9/site-packages (from aiohttp>=3.8.1->squidpy) (6.0.2)
#6 18.27 Requirement already satisfied: charset-normalizer<3.0,>=2.0 in /opt/conda/lib/python3.9/site-packages (from aiohttp>=3.8.1->squidpy) (2.1.1)
#6 18.39 Requirement already satisfied: h5py>=3 in /opt/conda/lib/python3.9/site-packages (from anndata>=0.7.4->squidpy) (3.7.0)
#6 18.39 Requirement already satisfied: packaging>=20 in /opt/conda/lib/python3.9/site-packages (from anndata>=0.7.4->squidpy) (21.3)
#6 18.40 Requirement already satisfied: natsort in /opt/conda/lib/python3.9/site-packages (from anndata>=0.7.4->squidpy) (8.2.0)
#6 18.51 Collecting pims>=0.4.1
#6 18.54   Downloading PIMS-0.6.1.tar.gz (86 kB)
#6 18.56       86.0/86.0 kB 8.6 MB/s eta 0:00:00
#6 18.64   Preparing metadata (setup.py): started
#6 21.91   Preparing metadata (setup.py): finished with status 'done'
#6 22.08 Requirement already satisfied: partd>=0.3.10 in /opt/conda/lib/python3.9/site-packages (from dask[array]>=2021.02.0->squidpy) (1.3.0)
#6 22.08 Requirement already satisfied: toolz>=0.8.2 in /opt/conda/lib/python3.9/site-packages (from dask[array]>=2021.02.0->squidpy) (0.12.0)
#6 22.09 Requirement already satisfied: cloudpickle>=1.1.1 in /opt/conda/lib/python3.9/site-packages (from dask[array]>=2021.02.0->squidpy) (2.2.0)
#6 22.09 Requirement already satisfied: click>=7.0 in /opt/conda/lib/python3.9/site-packages (from dask[array]>=2021.02.0->squidpy) (8.1.3)
#6 22.11 Requirement already satisfied: six in /opt/conda/lib/python3.9/site-packages (from docrep>=0.3.1->squidpy) (1.16.0)
#6 22.32 Requirement already satisfied: igraph<0.11,>=0.10.0 in /opt/conda/lib/python3.9/site-packages (from leidenalg>=0.8.2->squidpy) (0.10.2)
#6 22.37 Requirement already satisfied: fonttools>=4.22.0 in /opt/conda/lib/python3.9/site-packages (from matplotlib->cnmf) (4.38.0)
#6 22.37 Requirement already satisfied: pyparsing>=2.3.1 in /opt/conda/lib/python3.9/site-packages (from matplotlib->cnmf) (3.0.9)
#6 22.38 Requirement already satisfied: kiwisolver>=1.0.1 in /opt/conda/lib/python3.9/site-packages (from matplotlib->cnmf) (1.4.4)
#6 22.38 Requirement already satisfied: python-dateutil>=2.7 in /opt/conda/lib/python3.9/site-packages (from matplotlib->cnmf) (2.8.2)
#6 22.39 Requirement already satisfied: importlib-resources>=3.2.0 in /opt/conda/lib/python3.9/site-packages (from matplotlib->cnmf) (5.10.0)
#6 22.39 Requirement already satisfied: contourpy>=1.0.1 in /opt/conda/lib/python3.9/site-packages (from matplotlib->cnmf) (1.0.5)
#6 22.53 Requirement already satisfied: setuptools in /opt/conda/lib/python3.9/site-packages (from numba<0.56.0,>=0.55.0->squidpy) (65.5.0)
#6 24.45 Collecting numpy
#6 24.48   Downloading numpy-1.22.4-cp39-cp39-manylinux_2_17_x86_64.manylinux2014_x86_64.whl (16.8 MB)
#6 25.55       16.8/16.8 MB 15.1 MB/s eta 0:00:00
#6 27.05 Collecting llvmlite<0.39,>=0.38.0rc1
#6 27.11   Downloading llvmlite-0.38.1-cp39-cp39-manylinux_2_17_x86_64.manylinux2014_x86_64.whl (34.5 MB)
#6 29.42       34.5/34.5 MB 11.0 MB/s eta 0:00:00
#6 31.40 Requirement already satisfied: urllib3>=1.26.0 in /opt/conda/lib/python3.9/site-packages (from omnipath>=1.0.5->squidpy) (1.26.11)
#6 31.68 Collecting inflect>=4.1.0
#6 31.71   Downloading inflect-6.0.4-py3-none-any.whl (34 kB)
#6 31.73 Requirement already satisfied: wrapt>=1.12.0 in /opt/conda/lib/python3.9/site-packages (from omnipath>=1.0.5->squidpy) (1.14.1)
#6 31.73 Requirement already satisfied: requests>=2.24.0 in /opt/conda/lib/python3.9/site-packages (from omnipath>=1.0.5->squidpy) (2.28.1)
#6 31.77 Requirement already satisfied: pytz>=2020.1 in /opt/conda/lib/python3.9/site-packages (from pandas->cnmf) (2022.5)
#6 32.18 Requirement already satisfied: seaborn in /opt/conda/lib/python3.9/site-packages (from scanpy->cnmf) (0.12.0)
#6 32.18 Requirement already satisfied: session-info in /opt/conda/lib/python3.9/site-packages (from scanpy->cnmf) (1.0.0)
#6 32.19 Requirement already satisfied: joblib in /opt/conda/lib/python3.9/site-packages (from scanpy->cnmf) (1.2.0)
#6 32.30 Requirement already satisfied: umap-learn>=0.3.10 in /opt/conda/lib/python3.9/site-packages (from scanpy->cnmf) (0.5.3)
#6 32.31 Requirement already satisfied: patsy in /opt/conda/lib/python3.9/site-packages (from scanpy->cnmf) (0.5.3)
#6 32.49 Requirement already satisfied: PyWavelets>=1.1.1 in /opt/conda/lib/python3.9/site-packages (from scikit-image>=0.19->squidpy) (1.3.0)
#6 32.50 Requirement already satisfied: imageio>=2.4.1 in /opt/conda/lib/python3.9/site-packages (from scikit-image>=0.19->squidpy) (2.22.0)
#6 32.65 Requirement already satisfied: threadpoolctl>=2.0.0 in /opt/conda/lib/python3.9/site-packages (from scikit-learn>=1.0->cnmf) (3.1.0)
#6 33.39 Requirement already satisfied: decorator>=3.4.0 in /opt/conda/lib/python3.9/site-packages (from validators>=0.18.2->squidpy) (5.1.1)
#6 33.79 Requirement already satisfied: asciitree in /opt/conda/lib/python3.9/site-packages (from zarr>=2.6.1->squidpy) (0.3.3)
#6 33.80 Requirement already satisfied: numcodecs>=0.10.0 in /opt/conda/lib/python3.9/site-packages (from zarr>=2.6.1->squidpy) (0.10.2)
#6 33.92 Requirement already satisfied: fasteners in /opt/conda/lib/python3.9/site-packages (from zarr>=2.6.1->squidpy) (0.17.3)
#6 35.19 Requirement already satisfied: texttable>=1.6.2 in /opt/conda/lib/python3.9/site-packages (from igraph<0.11,>=0.10.0->leidenalg>=0.8.2->squidpy) (1.6.4)
#6 35.58 Requirement already satisfied: zipp>=3.1.0 in /opt/conda/lib/python3.9/site-packages (from importlib-resources>=3.2.0->matplotlib->cnmf) (3.10.0)
#6 36.79 Collecting pydantic>=1.9.1
#6 36.84   Downloading pydantic-1.10.8-cp39-cp39-manylinux_2_17_x86_64.manylinux2014_x86_64.whl (3.2 MB)
#6 37.06       3.2/3.2 MB 15.1 MB/s eta 0:00:00
#6 37.40 Requirement already satisfied: entrypoints in /opt/conda/lib/python3.9/site-packages (from numcodecs>=0.10.0->zarr>=2.6.1->squidpy) (0.4)
#6 37.49 Requirement already satisfied: locket in /opt/conda/lib/python3.9/site-packages (from partd>=0.3.10->dask[array]>=2021.02.0->squidpy) (1.0.0)
#6 37.92 Collecting slicerator>=0.9.8
#6 37.94   Downloading slicerator-1.1.0-py3-none-any.whl (10 kB)
#6 38.17 Requirement already satisfied: certifi>=2017.4.17 in /opt/conda/lib/python3.9/site-packages (from requests>=2.24.0->omnipath>=1.0.5->squidpy) (2022.12.7)
#6 38.17 Requirement already satisfied: idna<4,>=2.5 in /opt/conda/lib/python3.9/site-packages (from requests>=2.24.0->omnipath>=1.0.5->squidpy) (3.4)
#6 38.36 Requirement already satisfied: pynndescent>=0.5 in /opt/conda/lib/python3.9/site-packages (from umap-learn>=0.3.10->scanpy->cnmf) (0.5.8)
#6 38.88 Requirement already satisfied: stdlib-list in /opt/conda/lib/python3.9/site-packages (from session-info->scanpy->cnmf) (0.8.0)
#6 39.64 Building wheels for collected packages: validators, pims
#6 39.64   Building wheel for validators (setup.py): started
#6 44.19   Building wheel for validators (setup.py): finished with status 'done'
#6 44.19   Created wheel for validators: filename=validators-0.20.0-py3-none-any.whl size=19579 sha256=07e238d9bf705b7534a2d5b9fca63654227b0d92acd4510609a840c43facab28
#6 44.19   Stored in directory: /root/.cache/pip/wheels/5c/6a/fd/17a2b6f8d376e336d46414eeaf656327fd973158159b059046
#6 44.20   Building wheel for pims (setup.py): started
#6 48.46   Building wheel for pims (setup.py): finished with status 'done'
#6 48.47   Created wheel for pims: filename=PIMS-0.6.1-py3-none-any.whl size=82621 sha256=3ab975ae6e3264175f95554a722b004486f1e48a2f0b339d12d1237656f60e25
#6 48.47   Stored in directory: /root/.cache/pip/wheels/df/26/ba/5b5b57c266c8ca3a5d4d10ac826d205bf1705d255cde88acf4
#6 48.48 Successfully built validators pims
#6 56.42 Installing collected packages: slicerator, validators, pydantic, palettable, numpy, llvmlite, numba, inflect, fastcluster, xarray, pims, omnipath, matplotlib, matplotlib-scalebar, dask-image, squidpy, cnmf
#6 59.18   Attempting uninstall: numpy
#6 59.19     Found existing installation: numpy 1.23.4
#6 60.12     Uninstalling numpy-1.23.4:
#6 61.00       Successfully uninstalled numpy-1.23.4
#6 69.67   Attempting uninstall: llvmlite
#6 69.68     Found existing installation: llvmlite 0.39.1
#6 69.69     Uninstalling llvmlite-0.39.1:
#6 72.64       Successfully uninstalled llvmlite-0.39.1
#6 74.66   Attempting uninstall: numba
#6 74.67     Found existing installation: numba 0.56.3
#6 75.78     Uninstalling numba-0.56.3:
#6 76.64       Successfully uninstalled numba-0.56.3
#6 90.47   Attempting uninstall: matplotlib
#6 90.48     Found existing installation: matplotlib 3.6.1
#6 90.93     Uninstalling matplotlib-3.6.1:
#6 93.66       Successfully uninstalled matplotlib-3.6.1
#6 101.3 ERROR: pip's dependency resolver does not currently take into account all the packages that are installed. This behaviour is the source of the following dependency conflicts.
#6 101.3 scprep 1.2.1 requires pandas<1.4,>=0.25, but you have pandas 1.5.1 which is incompatible.
#6 101.3 pygpcca 1.0.4 requires jinja2==3.0.3, but you have jinja2 3.1.2 which is incompatible.
#6 101.3 phate 1.0.9 requires s-gd2>=1.8.1, but you have s-gd2 1.7 which is incompatible.
#6 101.3 Successfully installed cnmf-1.3.4 dask-image-2023.3.0 fastcluster-1.2.6 inflect-6.0.4 llvmlite-0.38.1 matplotlib-3.7.1 matplotlib-scalebar-0.8.1 numba-0.55.2 numpy-1.22.4 omnipath-1.0.6 palettable-3.3.3 pims-0.6.1 pydantic-1.10.8 slicerator-1.1.0 squidpy-1.2.3 validators-0.20.0 xarray-2023.5.0
#6 101.3 WARNING: Running pip as the 'root' user can result in broken permissions and conflicting behaviour with the system package manager. It is recommended to use a virtual environment instead: https://pip.pypa.io/warnings/venv
#6 DONE 102.4s

#8 exporting to image
#8 sha256:e8c613e07b0b7ff33893b694f7759a10d42e180f2b4dc349fb57dc6b71dcab00
#8 exporting layers
#8 exporting layers 1.0s done
#8 writing image sha256:da7e8aa30304088fb9e6b07952ca1f13988969f4f05d32f76043fcb7345c7c6f done
#8 naming to docker.io/bioinformaticsmusc/biocm-python:1.1.0 done
#8 DONE 1.0s
